#
# There is insufficient memory for the Java Runtime Environment to continue.
# Native memory allocation (malloc) failed to allocate 434016 bytes for Chunk::new
# Possible reasons:
#   The system is out of physical RAM or swap space
#   The process is running with CompressedOops enabled, and the Java Heap may be blocking the growth of the native heap
# Possible solutions:
#   Reduce memory load on the system
#   Increase physical memory or swap space
#   Check if swap backing store is full
#   Decrease Java heap size (-Xmx/-Xms)
#   Decrease number of Java threads
#   Decrease Java thread stack sizes (-Xss)
#   Set larger code cache with -XX:ReservedCodeCacheSize=
#   JVM is running with Unscaled Compressed Oops mode in which the Java heap is
#     placed in the first 4GB address space. The Java Heap base address is the
#     maximum limit for the native heap growth. Please use -XX:HeapBaseMinAddress
#     to set the Java Heap base and to place the Java Heap above 4GB virtual address.
# This output file may be truncated or incomplete.
#
#  Out of Memory Error (arena.cpp:189), pid=27208, tid=24944
#
# JRE version: Java(TM) SE Runtime Environment (17.0.7+8) (build 17.0.7+8-LTS-224)
# Java VM: Java HotSpot(TM) 64-Bit Server VM (17.0.7+8-LTS-224, mixed mode, sharing, tiered, compressed oops, compressed class ptrs, g1 gc, windows-amd64)
# No core dump will be written. Minidumps are not enabled by default on client versions of Windows
#

---------------  S U M M A R Y ------------

Command Line: --add-opens=java.base/java.util.concurrent.atomic=ALL-UNNAMED -XX:MaxMetaspaceSize=384m -XX:+HeapDumpOnOutOfMemoryError -agentlib:jdwp=transport=dt_socket,server=n,suspend=y,address=127.0.0.1:57081 --add-opens=java.base/java.util=ALL-UNNAMED --add-opens=java.base/java.lang=ALL-UNNAMED --add-opens=java.base/java.lang.invoke=ALL-UNNAMED --add-opens=java.prefs/java.util.prefs=ALL-UNNAMED --add-opens=java.base/java.nio.charset=ALL-UNNAMED --add-opens=java.base/java.net=ALL-UNNAMED --add-opens=java.base/java.util.concurrent.atomic=ALL-UNNAMED -Xms256m -Xmx512m -Dfile.encoding=UTF-8 -Duser.country=CN -Duser.language=zh -Duser.variant -javaagent:C:\Users\38101\.gradle\wrapper\dists\gradle-8.1.1-bin\9wiye5v2saajue4irfo8ybqfp\gradle-8.1.1\lib\agents\gradle-instrumentation-agent-8.1.1.jar org.gradle.launcher.daemon.bootstrap.GradleDaemon 8.1.1

Host: Intel(R) Core(TM) i7-4790 CPU @ 3.60GHz, 8 cores, 23G,  Windows 10 , 64 bit Build 19041 (10.0.19041.3155)
Time: Fri Jul 14 18:00:02 2023  Windows 10 , 64 bit Build 19041 (10.0.19041.3155) elapsed time: 60.708730 seconds (0d 0h 1m 0s)

---------------  T H R E A D  ---------------

Current thread (0x0000024ca9e5cdb0):  JavaThread "C2 CompilerThread0" daemon [_thread_in_native, id=24944, stack(0x0000005586e00000,0x0000005586f00000)]


Current CompileTask:
C2:  60708 9451       4       java.lang.reflect.AccessibleObject::checkCanSetAccessible (368 bytes)

Stack: [0x0000005586e00000,0x0000005586f00000]
Native frames: (J=compiled Java code, j=interpreted, Vv=VM code, C=native code)
V  [jvm.dll+0x676a4a]
V  [jvm.dll+0x7d74f4]
V  [jvm.dll+0x7d8c9e]
V  [jvm.dll+0x7d9303]
V  [jvm.dll+0x2452c5]
V  [jvm.dll+0xaaa2b]
V  [jvm.dll+0xaafcc]
V  [jvm.dll+0x2aac2f]
V  [jvm.dll+0x57f375]
V  [jvm.dll+0x2205f2]
V  [jvm.dll+0x2195df]
V  [jvm.dll+0x216df9]
V  [jvm.dll+0x1a35e0]
V  [jvm.dll+0x226a6e]
V  [jvm.dll+0x224e15]
V  [jvm.dll+0x78d05c]
V  [jvm.dll+0x78759a]
V  [jvm.dll+0x675875]
C  [ucrtbase.dll+0x21bb2]
C  [KERNEL32.DLL+0x17614]
C  [ntdll.dll+0x526b1]


---------------  P R O C E S S  ---------------

Threads class SMR info:
_java_thread_list=0x0000024cac59ca80, length=110, elements={
0x0000024c8f541bc0, 0x0000024ca9e37ff0, 0x0000024ca9e38d70, 0x0000024ca9e57300,
0x0000024ca9e58f30, 0x0000024ca9e5b900, 0x0000024ca9e5c1c0, 0x0000024ca9e5cdb0,
0x0000024ca9e72540, 0x0000024ca9e75760, 0x0000024caa8bdcb0, 0x0000024caa9f1630,
0x0000024caa9f24d0, 0x0000024caaa2be20, 0x0000024caaa76870, 0x0000024cacb373a0,
0x0000024cac3220e0, 0x0000024cad4aebc0, 0x0000024cabe71a70, 0x0000024cac9d1090,
0x0000024cac31e0d0, 0x0000024cac320280, 0x0000024cac31e5a0, 0x0000024cac320750,
0x0000024cac31dc00, 0x0000024cac31ea70, 0x0000024cac320c20, 0x0000024cac31f8e0,
0x0000024cac31fdb0, 0x0000024cac3210f0, 0x0000024cad8bc050, 0x0000024cad8bdd30,
0x0000024cad8beba0, 0x0000024cb0c2de40, 0x0000024cb0c2e310, 0x0000024cad0b16b0,
0x0000024cad0b2520, 0x0000024cb166bb20, 0x0000024caccbb540, 0x0000024cad0b0d10,
0x0000024cad0b1b80, 0x0000024cb12a3790, 0x0000024cadfae880, 0x0000024cad0b11e0,
0x0000024cb166acb0, 0x0000024cadfaf6f0, 0x0000024cadfb0a30, 0x0000024cb0c2cfd0,
0x0000024cb0c2d4a0, 0x0000024cb0c2d970, 0x0000024cb19bece0, 0x0000024cb19bf680,
0x0000024cb19bfb50, 0x0000024cb19bf1b0, 0x0000024cacad93c0, 0x0000024cb0006200,
0x0000024cb0007540, 0x0000024cb0007070, 0x0000024cb0005d30, 0x0000024cb00066d0,
0x0000024cb5658570, 0x0000024cb5658a40, 0x0000024cb5655ef0, 0x0000024cb56563c0,
0x0000024cad8b9500, 0x0000024cad8bcec0, 0x0000024cad8bc520, 0x0000024cad8b99d0,
0x0000024cadfafbc0, 0x0000024cadfada10, 0x0000024cadfaed50, 0x0000024cadfaf220,
0x0000024cadfb0090, 0x0000024cadfb0560, 0x0000024cadfad070, 0x0000024cadfadee0,
0x0000024cadfae3b0, 0x0000024caffe1b80, 0x0000024caffe2520, 0x0000024caffe29f0,
0x0000024caffe2ec0, 0x0000024caffe3390, 0x0000024cb166a7e0, 0x0000024caf925060,
0x0000024caf925a00, 0x0000024caf925ed0, 0x0000024cb57774e0, 0x0000024cb5778820,
0x0000024cb5778cf0, 0x0000024cb577a030, 0x0000024cb5655080, 0x0000024cb166bff0,
0x0000024cb166b180, 0x0000024cb166b650, 0x0000024caa9ccba0, 0x0000024caa9cd070,
0x0000024caa9cd540, 0x0000024caa9ce880, 0x0000024caa9cf6f0, 0x0000024caa9ced50,
0x0000024caa9cda10, 0x0000024cb5655550, 0x0000024cb56580a0, 0x0000024caffe16b0,
0x0000024caffe3860, 0x0000024caffe0d10, 0x0000024caffe2050, 0x0000024caffe3d30,
0x0000024caffe4200, 0x0000024caffe46d0
}

Java Threads: ( => current thread )
  0x0000024c8f541bc0 JavaThread "main" [_thread_blocked, id=3564, stack(0x0000005586100000,0x0000005586200000)]
  0x0000024ca9e37ff0 JavaThread "Reference Handler" daemon [_thread_blocked, id=26384, stack(0x0000005586800000,0x0000005586900000)]
  0x0000024ca9e38d70 JavaThread "Finalizer" daemon [_thread_blocked, id=21872, stack(0x0000005586900000,0x0000005586a00000)]
  0x0000024ca9e57300 JavaThread "Signal Dispatcher" daemon [_thread_blocked, id=27288, stack(0x0000005586a00000,0x0000005586b00000)]
  0x0000024ca9e58f30 JavaThread "Attach Listener" daemon [_thread_blocked, id=9900, stack(0x0000005586b00000,0x0000005586c00000)]
  0x0000024ca9e5b900 JavaThread "Service Thread" daemon [_thread_blocked, id=20588, stack(0x0000005586c00000,0x0000005586d00000)]
  0x0000024ca9e5c1c0 JavaThread "Monitor Deflation Thread" daemon [_thread_blocked, id=16688, stack(0x0000005586d00000,0x0000005586e00000)]
=>0x0000024ca9e5cdb0 JavaThread "C2 CompilerThread0" daemon [_thread_in_native, id=24944, stack(0x0000005586e00000,0x0000005586f00000)]
  0x0000024ca9e72540 JavaThread "C1 CompilerThread0" daemon [_thread_blocked, id=19896, stack(0x0000005586f00000,0x0000005587000000)]
  0x0000024ca9e75760 JavaThread "Sweeper thread" daemon [_thread_blocked, id=14584, stack(0x0000005587000000,0x0000005587100000)]
  0x0000024caa8bdcb0 JavaThread "Common-Cleaner" daemon [_thread_blocked, id=23376, stack(0x0000005587100000,0x0000005587200000)]
  0x0000024caa9f1630 JavaThread "JDWP Transport Listener: dt_socket" daemon [_thread_blocked, id=18280, stack(0x0000005587200000,0x0000005587300000)]
  0x0000024caa9f24d0 JavaThread "JDWP Event Helper Thread" daemon [_thread_blocked, id=9368, stack(0x0000005587300000,0x0000005587400000)]
  0x0000024caaa2be20 JavaThread "JDWP Command Reader" daemon [_thread_in_native, id=18668, stack(0x0000005587400000,0x0000005587500000)]
  0x0000024caaa76870 JavaThread "Notification Thread" daemon [_thread_blocked, id=25392, stack(0x0000005587500000,0x0000005587600000)]
  0x0000024cacb373a0 JavaThread "Daemon health stats" [_thread_blocked, id=20120, stack(0x0000005588000000,0x0000005588100000)]
  0x0000024cac3220e0 JavaThread "Incoming local TCP Connector on port 57084" [_thread_in_native, id=5772, stack(0x0000005588100000,0x0000005588200000)]
  0x0000024cad4aebc0 JavaThread "Daemon periodic checks" [_thread_blocked, id=24852, stack(0x0000005588200000,0x0000005588300000)]
  0x0000024cabe71a70 JavaThread "Daemon" [_thread_blocked, id=21188, stack(0x0000005588300000,0x0000005588400000)]
  0x0000024cac9d1090 JavaThread "Handler for socket connection from /127.0.0.1:57084 to /127.0.0.1:57085" [_thread_in_native, id=26844, stack(0x0000005588400000,0x0000005588500000)]
  0x0000024cac31e0d0 JavaThread "Cancel handler" [_thread_blocked, id=8768, stack(0x0000005588500000,0x0000005588600000)]
  0x0000024cac320280 JavaThread "Daemon worker" [_thread_blocked, id=18576, stack(0x0000005588600000,0x0000005588700000)]
  0x0000024cac31e5a0 JavaThread "Asynchronous log dispatcher for DefaultDaemonConnection: socket connection from /127.0.0.1:57084 to /127.0.0.1:57085" [_thread_in_Java, id=17128, stack(0x0000005588700000,0x0000005588800000)]
  0x0000024cac320750 JavaThread "Stdin handler" [_thread_blocked, id=16168, stack(0x0000005588800000,0x0000005588900000)]
  0x0000024cac31dc00 JavaThread "Daemon client event forwarder" [_thread_blocked, id=9540, stack(0x0000005588900000,0x0000005588a00000)]
  0x0000024cac31ea70 JavaThread "Cache worker for journal cache (C:\Users\38101\.gradle\caches\journal-1)" [_thread_blocked, id=22172, stack(0x0000005587800000,0x0000005587900000)]
  0x0000024cac320c20 JavaThread "File lock request listener" [_thread_in_native, id=16704, stack(0x0000005588a00000,0x0000005588b00000)]
  0x0000024cac31f8e0 JavaThread "Cache worker for file hash cache (C:\Users\38101\.gradle\caches\8.1.1\fileHashes)" [_thread_blocked, id=19744, stack(0x0000005588b00000,0x0000005588c00000)]
  0x0000024cac31fdb0 JavaThread "File watcher server" daemon [_thread_in_native, id=24324, stack(0x0000005588d00000,0x0000005588e00000)]
  0x0000024cac3210f0 JavaThread "File watcher consumer" daemon [_thread_in_vm, id=24388, stack(0x0000005588e00000,0x0000005588f00000)]
  0x0000024cad8bc050 JavaThread "Cache worker for checksums cache (D:\Code Myself\demo\.gradle\8.1.1\checksums)" [_thread_blocked, id=12328, stack(0x0000005588f00000,0x0000005589000000)]
  0x0000024cad8bdd30 JavaThread "Cache worker for cache directory md-rule (C:\Users\38101\.gradle\caches\8.1.1\md-rule)" [_thread_blocked, id=23580, stack(0x0000005589000000,0x0000005589100000)]
  0x0000024cad8beba0 JavaThread "Cache worker for file content cache (C:\Users\38101\.gradle\caches\8.1.1\fileContent)" [_thread_blocked, id=17112, stack(0x0000005589100000,0x0000005589200000)]
  0x0000024cb0c2de40 JavaThread "Cache worker for file hash cache (D:\Code Myself\demo\.gradle\8.1.1\fileHashes)" [_thread_blocked, id=26936, stack(0x0000005589300000,0x0000005589400000)]
  0x0000024cb0c2e310 JavaThread "Cache worker for cache directory md-supplier (C:\Users\38101\.gradle\caches\8.1.1\md-supplier)" [_thread_blocked, id=24004, stack(0x0000005589400000,0x0000005589500000)]
  0x0000024cad0b16b0 JavaThread "Cache worker for execution history cache (C:\Users\38101\.gradle\caches\8.1.1\executionHistory)" [_thread_blocked, id=24800, stack(0x0000005589500000,0x0000005589600000)]
  0x0000024cad0b2520 JavaThread "jar transforms" [_thread_blocked, id=3472, stack(0x0000005589600000,0x0000005589700000)]
  0x0000024cb166bb20 JavaThread "jar transforms Thread 2" [_thread_blocked, id=5572, stack(0x0000005589700000,0x0000005589800000)]
  0x0000024caccbb540 JavaThread "jar transforms Thread 3" [_thread_blocked, id=26736, stack(0x0000005589800000,0x0000005589900000)]
  0x0000024cad0b0d10 JavaThread "jar transforms Thread 4" [_thread_blocked, id=26476, stack(0x0000005589900000,0x0000005589a00000)]
  0x0000024cad0b1b80 JavaThread "jar transforms Thread 5" [_thread_blocked, id=22420, stack(0x0000005589a00000,0x0000005589b00000)]
  0x0000024cb12a3790 JavaThread "jar transforms Thread 6" [_thread_blocked, id=4468, stack(0x0000005589b00000,0x0000005589c00000)]
  0x0000024cadfae880 JavaThread "jar transforms Thread 7" [_thread_blocked, id=12640, stack(0x0000005589c00000,0x0000005589d00000)]
  0x0000024cad0b11e0 JavaThread "jar transforms Thread 8" [_thread_blocked, id=8460, stack(0x0000005589d00000,0x0000005589e00000)]
  0x0000024cb166acb0 JavaThread "Cache worker for kotlin-dsl (C:\Users\38101\.gradle\caches\8.1.1\kotlin-dsl)" [_thread_blocked, id=6756, stack(0x0000005589e00000,0x0000005589f00000)]
  0x0000024cadfaf6f0 JavaThread "Cache worker for dependencies-accessors (D:\Code Myself\demo\.gradle\8.1.1\dependencies-accessors)" [_thread_blocked, id=11536, stack(0x0000005589f00000,0x000000558a000000)]
  0x0000024cadfb0a30 JavaThread "Cache worker for Build Output Cleanup Cache (D:\Code Myself\demo\.gradle\buildOutputCleanup)" [_thread_blocked, id=6388, stack(0x000000558a000000,0x000000558a100000)]
  0x0000024cb0c2cfd0 JavaThread "Unconstrained build operations" [_thread_blocked, id=22988, stack(0x000000558a100000,0x000000558a200000)]
  0x0000024cb0c2d4a0 JavaThread "Unconstrained build operations Thread 2" [_thread_blocked, id=11456, stack(0x000000558a200000,0x000000558a300000)]
  0x0000024cb0c2d970 JavaThread "Unconstrained build operations Thread 3" [_thread_blocked, id=1168, stack(0x000000558a300000,0x000000558a400000)]
  0x0000024cb19bece0 JavaThread "Unconstrained build operations Thread 4" [_thread_blocked, id=10284, stack(0x000000558a400000,0x000000558a500000)]
  0x0000024cb19bf680 JavaThread "Unconstrained build operations Thread 5" [_thread_blocked, id=21484, stack(0x000000558a500000,0x000000558a600000)]
  0x0000024cb19bfb50 JavaThread "Unconstrained build operations Thread 6" [_thread_blocked, id=5724, stack(0x000000558a600000,0x000000558a700000)]
  0x0000024cb19bf1b0 JavaThread "Unconstrained build operations Thread 7" [_thread_blocked, id=15344, stack(0x000000558a700000,0x000000558a800000)]
  0x0000024cacad93c0 JavaThread "Memory manager" [_thread_blocked, id=5160, stack(0x000000558a800000,0x000000558a900000)]
  0x0000024cb0006200 JavaThread "Unconstrained build operations Thread 8" [_thread_blocked, id=17324, stack(0x000000558a900000,0x000000558aa00000)]
  0x0000024cb0007540 JavaThread "Unconstrained build operations Thread 9" [_thread_blocked, id=20684, stack(0x000000558aa00000,0x000000558ab00000)]
  0x0000024cb0007070 JavaThread "Unconstrained build operations Thread 10" [_thread_blocked, id=8424, stack(0x000000558ab00000,0x000000558ac00000)]
  0x0000024cb0005d30 JavaThread "Unconstrained build operations Thread 11" [_thread_blocked, id=20944, stack(0x000000558ac00000,0x000000558ad00000)]
  0x0000024cb00066d0 JavaThread "Unconstrained build operations Thread 12" [_thread_blocked, id=22132, stack(0x000000558ad00000,0x000000558ae00000)]
  0x0000024cb5658570 JavaThread "Unconstrained build operations Thread 13" [_thread_blocked, id=4544, stack(0x000000558ae00000,0x000000558af00000)]
  0x0000024cb5658a40 JavaThread "Unconstrained build operations Thread 14" [_thread_blocked, id=14092, stack(0x000000558af00000,0x000000558b000000)]
  0x0000024cb5655ef0 JavaThread "Unconstrained build operations Thread 15" [_thread_blocked, id=18164, stack(0x000000558b000000,0x000000558b100000)]
  0x0000024cb56563c0 JavaThread "Unconstrained build operations Thread 16" [_thread_blocked, id=20680, stack(0x000000558b100000,0x000000558b200000)]
  0x0000024cad8b9500 JavaThread "Unconstrained build operations Thread 17" [_thread_blocked, id=24620, stack(0x000000558b200000,0x000000558b300000)]
  0x0000024cad8bcec0 JavaThread "Exec process" [_thread_in_native, id=25316, stack(0x000000558b300000,0x000000558b400000)]
  0x0000024cad8bc520 JavaThread "Exec process Thread 2" [_thread_in_native, id=18324, stack(0x000000558b400000,0x000000558b500000)]
  0x0000024cad8b99d0 JavaThread "Exec process Thread 3" [_thread_in_native, id=24112, stack(0x000000558b500000,0x000000558b600000)]
  0x0000024cadfafbc0 JavaThread "Unconstrained build operations Thread 18" [_thread_blocked, id=22552, stack(0x000000558b600000,0x000000558b700000)]
  0x0000024cadfada10 JavaThread "Unconstrained build operations Thread 19" [_thread_blocked, id=22096, stack(0x000000558b700000,0x000000558b800000)]
  0x0000024cadfaed50 JavaThread "Unconstrained build operations Thread 20" [_thread_blocked, id=7756, stack(0x000000558b800000,0x000000558b900000)]
  0x0000024cadfaf220 JavaThread "Unconstrained build operations Thread 21" [_thread_blocked, id=25004, stack(0x000000558b900000,0x000000558ba00000)]
  0x0000024cadfb0090 JavaThread "Unconstrained build operations Thread 22" [_thread_blocked, id=24644, stack(0x000000558ba00000,0x000000558bb00000)]
  0x0000024cadfb0560 JavaThread "Unconstrained build operations Thread 23" [_thread_blocked, id=17956, stack(0x000000558bb00000,0x000000558bc00000)]
  0x0000024cadfad070 JavaThread "Unconstrained build operations Thread 24" [_thread_blocked, id=4572, stack(0x000000558bc00000,0x000000558bd00000)]
  0x0000024cadfadee0 JavaThread "Unconstrained build operations Thread 25" [_thread_blocked, id=23072, stack(0x000000558bd00000,0x000000558be00000)]
  0x0000024cadfae3b0 JavaThread "Unconstrained build operations Thread 26" [_thread_blocked, id=18912, stack(0x000000558be00000,0x000000558bf00000)]
  0x0000024caffe1b80 JavaThread "Unconstrained build operations Thread 27" [_thread_blocked, id=26564, stack(0x000000558bf00000,0x000000558c000000)]
  0x0000024caffe2520 JavaThread "Unconstrained build operations Thread 28" [_thread_blocked, id=2996, stack(0x000000558c000000,0x000000558c100000)]
  0x0000024caffe29f0 JavaThread "Unconstrained build operations Thread 29" [_thread_blocked, id=26616, stack(0x000000558c100000,0x000000558c200000)]
  0x0000024caffe2ec0 JavaThread "Unconstrained build operations Thread 30" [_thread_blocked, id=19084, stack(0x000000558c200000,0x000000558c300000)]
  0x0000024caffe3390 JavaThread "Unconstrained build operations Thread 31" [_thread_blocked, id=27140, stack(0x000000558c300000,0x000000558c400000)]
  0x0000024cb166a7e0 JavaThread "included builds" [_thread_blocked, id=21488, stack(0x000000558c400000,0x000000558c500000)]
  0x0000024caf925060 JavaThread "Execution worker" [_thread_blocked, id=27216, stack(0x000000558c500000,0x000000558c600000)]
  0x0000024caf925a00 JavaThread "Execution worker Thread 2" [_thread_blocked, id=3704, stack(0x000000558c600000,0x000000558c700000)]
  0x0000024caf925ed0 JavaThread "Execution worker Thread 3" [_thread_blocked, id=7644, stack(0x000000558c700000,0x000000558c800000)]
  0x0000024cb57774e0 JavaThread "Execution worker Thread 4" [_thread_blocked, id=22748, stack(0x000000558c800000,0x000000558c900000)]
  0x0000024cb5778820 JavaThread "Execution worker Thread 5" [_thread_blocked, id=26712, stack(0x000000558c900000,0x000000558ca00000)]
  0x0000024cb5778cf0 JavaThread "Execution worker Thread 6" [_thread_blocked, id=5040, stack(0x000000558ca00000,0x000000558cb00000)]
  0x0000024cb577a030 JavaThread "Execution worker Thread 7" [_thread_blocked, id=23268, stack(0x000000558cb00000,0x000000558cc00000)]
  0x0000024cb5655080 JavaThread "Cache worker for execution history cache (D:\Code Myself\demo\.gradle\8.1.1\executionHistory)" [_thread_blocked, id=23448, stack(0x000000558cc00000,0x000000558cd00000)]
  0x0000024cb166bff0 JavaThread "Unconstrained build operations Thread 32" [_thread_blocked, id=5712, stack(0x000000558cf00000,0x000000558d000000)]
  0x0000024cb166b180 JavaThread "Unconstrained build operations Thread 33" [_thread_blocked, id=16480, stack(0x000000558d000000,0x000000558d100000)]
  0x0000024cb166b650 JavaThread "Unconstrained build operations Thread 34" [_thread_blocked, id=7748, stack(0x000000558d100000,0x000000558d200000)]
  0x0000024caa9ccba0 JavaThread "Unconstrained build operations Thread 35" [_thread_blocked, id=18864, stack(0x000000558d200000,0x000000558d300000)]
  0x0000024caa9cd070 JavaThread "Unconstrained build operations Thread 36" [_thread_blocked, id=13480, stack(0x000000558d300000,0x000000558d400000)]
  0x0000024caa9cd540 JavaThread "Unconstrained build operations Thread 37" [_thread_blocked, id=24996, stack(0x000000558d400000,0x000000558d500000)]
  0x0000024caa9ce880 JavaThread "Unconstrained build operations Thread 38" [_thread_blocked, id=20284, stack(0x000000558d500000,0x000000558d600000)]
  0x0000024caa9cf6f0 JavaThread "Unconstrained build operations Thread 39" [_thread_blocked, id=6568, stack(0x000000558d600000,0x000000558d700000)]
  0x0000024caa9ced50 JavaThread "Unconstrained build operations Thread 40" [_thread_blocked, id=2412, stack(0x000000558d700000,0x000000558d800000)]
  0x0000024caa9cda10 JavaThread "Unconstrained build operations Thread 41" [_thread_blocked, id=10012, stack(0x000000558d800000,0x000000558d900000)]
  0x0000024cb5655550 JavaThread "Unconstrained build operations Thread 42" [_thread_blocked, id=16528, stack(0x000000558d900000,0x000000558da00000)]
  0x0000024cb56580a0 JavaThread "Unconstrained build operations Thread 43" [_thread_blocked, id=21940, stack(0x000000558da00000,0x000000558db00000)]
  0x0000024caffe16b0 JavaThread "Unconstrained build operations Thread 44" [_thread_blocked, id=27516, stack(0x000000558db00000,0x000000558dc00000)]
  0x0000024caffe3860 JavaThread "Unconstrained build operations Thread 45" [_thread_blocked, id=11000, stack(0x000000558dc00000,0x000000558dd00000)]
  0x0000024caffe0d10 JavaThread "Unconstrained build operations Thread 46" [_thread_blocked, id=24136, stack(0x000000558dd00000,0x000000558de00000)]
  0x0000024caffe2050 JavaThread "Unconstrained build operations Thread 47" [_thread_blocked, id=21524, stack(0x000000558de00000,0x000000558df00000)]
  0x0000024caffe3d30 JavaThread "Unconstrained build operations Thread 48" [_thread_blocked, id=19324, stack(0x000000558df00000,0x000000558e000000)]
  0x0000024caffe4200 JavaThread "Unconstrained build operations Thread 49" [_thread_blocked, id=20556, stack(0x000000558e000000,0x000000558e100000)]
  0x0000024caffe46d0 JavaThread "Unconstrained build operations Thread 50" [_thread_blocked, id=26532, stack(0x000000558e100000,0x000000558e200000)]

Other Threads:
  0x0000024ca9e344f0 VMThread "VM Thread" [stack: 0x0000005586700000,0x0000005586800000] [id=26304]
  0x0000024c8f581780 WatcherThread [stack: 0x0000005587600000,0x0000005587700000] [id=16040]
  0x0000024c8f56fc70 GCTaskThread "GC Thread#0" [stack: 0x0000005586200000,0x0000005586300000] [id=15584]
  0x0000024cabb37ac0 GCTaskThread "GC Thread#1" [stack: 0x0000005587900000,0x0000005587a00000] [id=27144]
  0x0000024cab67b800 GCTaskThread "GC Thread#2" [stack: 0x0000005587a00000,0x0000005587b00000] [id=18528]
  0x0000024cab67bab0 GCTaskThread "GC Thread#3" [stack: 0x0000005587b00000,0x0000005587c00000] [id=18148]
  0x0000024cab67bd60 GCTaskThread "GC Thread#4" [stack: 0x0000005587c00000,0x0000005587d00000] [id=2124]
  0x0000024cab494430 GCTaskThread "GC Thread#5" [stack: 0x0000005587d00000,0x0000005587e00000] [id=15784]
  0x0000024cab4982a0 GCTaskThread "GC Thread#6" [stack: 0x0000005587e00000,0x0000005587f00000] [id=1400]
  0x0000024cab596640 GCTaskThread "GC Thread#7" [stack: 0x0000005587f00000,0x0000005588000000] [id=13844]
  0x0000024c8f575ad0 ConcurrentGCThread "G1 Main Marker" [stack: 0x0000005586300000,0x0000005586400000] [id=25212]
  0x0000024c8f5763f0 ConcurrentGCThread "G1 Conc#0" [stack: 0x0000005586400000,0x0000005586500000] [id=21148]
  0x0000024cac7d0930 ConcurrentGCThread "G1 Conc#1" [stack: 0x0000005589200000,0x0000005589300000] [id=12644]
  0x0000024c8f61da80 ConcurrentGCThread "G1 Refine#0" [stack: 0x0000005586500000,0x0000005586600000] [id=3004]
  0x0000024c8f61e3b0 ConcurrentGCThread "G1 Service" [stack: 0x0000005586600000,0x0000005586700000] [id=2092]

Threads with active compile tasks:
C2 CompilerThread0    60744 9451       4       java.lang.reflect.AccessibleObject::checkCanSetAccessible (368 bytes)

VM state: not at safepoint (normal execution)

VM Mutex/Monitor currently owned by a thread: None

Heap address: 0x00000000e0000000, size: 512 MB, Compressed Oops mode: 32-bit

CDS archive(s) mapped at: [0x0000000800000000-0x0000000800bd0000-0x0000000800bd0000), size 12386304, SharedBaseAddress: 0x0000000800000000, ArchiveRelocationMode: 0.
Compressed class space mapped at: 0x0000000800c00000-0x0000000814000000, reserved size: 322961408
Narrow klass base: 0x0000000800000000, Narrow klass shift: 0, Narrow klass range: 0x100000000

GC Precious Log:
 CPUs: 8 total, 8 available
 Memory: 24484M
 Large Page Support: Disabled
 NUMA Support: Disabled
 Compressed Oops: Enabled (32-bit)
 Heap Region Size: 1M
 Heap Min Capacity: 256M
 Heap Initial Capacity: 256M
 Heap Max Capacity: 512M
 Pre-touch: Disabled
 Parallel Workers: 8
 Concurrent Workers: 2
 Concurrent Refinement Workers: 8
 Periodic GC: Disabled

Heap:
 garbage-first heap   total 262144K, used 142760K [0x00000000e0000000, 0x0000000100000000)
  region size 1024K, 78 young (79872K), 10 survivors (10240K)
 Metaspace       used 76973K, committed 77696K, reserved 389120K
  class space    used 10584K, committed 10944K, reserved 315392K

Heap Regions: E=young(eden), S=young(survivor), O=old, HS=humongous(starts), HC=humongous(continues), CS=collection set, F=free, OA=open archive, CA=closed archive, TAMS=top-at-mark-start (previous, next)
|   0|0x00000000e0000000, 0x00000000e0100000, 0x00000000e0100000|100%|HS|  |TAMS 0x00000000e0100000, 0x00000000e0000000| Complete 
|   1|0x00000000e0100000, 0x00000000e0200000, 0x00000000e0200000|100%|HC|  |TAMS 0x00000000e0200000, 0x00000000e0100000| Complete 
|   2|0x00000000e0200000, 0x00000000e0300000, 0x00000000e0300000|100%|HC|  |TAMS 0x00000000e0300000, 0x00000000e0200000| Complete 
|   3|0x00000000e0300000, 0x00000000e0400000, 0x00000000e0400000|100%|HC|  |TAMS 0x00000000e0400000, 0x00000000e0300000| Complete 
|   4|0x00000000e0400000, 0x00000000e0500000, 0x00000000e0500000|100%| O|  |TAMS 0x00000000e0400000, 0x00000000e0400000| Untracked 
|   5|0x00000000e0500000, 0x00000000e0600000, 0x00000000e0600000|100%| O|  |TAMS 0x00000000e0600000, 0x00000000e0500000| Untracked 
|   6|0x00000000e0600000, 0x00000000e0700000, 0x00000000e0700000|100%| O|  |TAMS 0x00000000e0700000, 0x00000000e0600000| Untracked 
|   7|0x00000000e0700000, 0x00000000e0800000, 0x00000000e0800000|100%| O|  |TAMS 0x00000000e0800000, 0x00000000e0700000| Untracked 
|   8|0x00000000e0800000, 0x00000000e0900000, 0x00000000e0900000|100%| O|  |TAMS 0x00000000e0900000, 0x00000000e0800000| Untracked 
|   9|0x00000000e0900000, 0x00000000e0a00000, 0x00000000e0a00000|100%| O|  |TAMS 0x00000000e0a00000, 0x00000000e0900000| Untracked 
|  10|0x00000000e0a00000, 0x00000000e0b00000, 0x00000000e0b00000|100%| O|  |TAMS 0x00000000e0b00000, 0x00000000e0a00000| Untracked 
|  11|0x00000000e0b00000, 0x00000000e0c00000, 0x00000000e0c00000|100%| O|  |TAMS 0x00000000e0c00000, 0x00000000e0b00000| Untracked 
|  12|0x00000000e0c00000, 0x00000000e0d00000, 0x00000000e0d00000|100%| O|  |TAMS 0x00000000e0d00000, 0x00000000e0c00000| Untracked 
|  13|0x00000000e0d00000, 0x00000000e0e00000, 0x00000000e0e00000|100%| O|  |TAMS 0x00000000e0e00000, 0x00000000e0d00000| Untracked 
|  14|0x00000000e0e00000, 0x00000000e0f00000, 0x00000000e0f00000|100%| O|  |TAMS 0x00000000e0f00000, 0x00000000e0e00000| Untracked 
|  15|0x00000000e0f00000, 0x00000000e1000000, 0x00000000e1000000|100%| O|  |TAMS 0x00000000e1000000, 0x00000000e0f00000| Untracked 
|  16|0x00000000e1000000, 0x00000000e1100000, 0x00000000e1100000|100%| O|  |TAMS 0x00000000e1100000, 0x00000000e1000000| Untracked 
|  17|0x00000000e1100000, 0x00000000e1200000, 0x00000000e1200000|100%| O|  |TAMS 0x00000000e1200000, 0x00000000e1100000| Untracked 
|  18|0x00000000e1200000, 0x00000000e1300000, 0x00000000e1300000|100%| O|  |TAMS 0x00000000e1300000, 0x00000000e1200000| Untracked 
|  19|0x00000000e1300000, 0x00000000e1400000, 0x00000000e1400000|100%| O|  |TAMS 0x00000000e1400000, 0x00000000e1300000| Untracked 
|  20|0x00000000e1400000, 0x00000000e1500000, 0x00000000e1500000|100%| O|  |TAMS 0x00000000e1500000, 0x00000000e1400000| Untracked 
|  21|0x00000000e1500000, 0x00000000e1600000, 0x00000000e1600000|100%| O|  |TAMS 0x00000000e1600000, 0x00000000e1500000| Untracked 
|  22|0x00000000e1600000, 0x00000000e1700000, 0x00000000e1700000|100%| O|  |TAMS 0x00000000e1700000, 0x00000000e1600000| Untracked 
|  23|0x00000000e1700000, 0x00000000e1800000, 0x00000000e1800000|100%| O|  |TAMS 0x00000000e1800000, 0x00000000e1700000| Untracked 
|  24|0x00000000e1800000, 0x00000000e1900000, 0x00000000e1900000|100%| O|  |TAMS 0x00000000e1900000, 0x00000000e1800000| Untracked 
|  25|0x00000000e1900000, 0x00000000e1a00000, 0x00000000e1a00000|100%| O|  |TAMS 0x00000000e1a00000, 0x00000000e1900000| Untracked 
|  26|0x00000000e1a00000, 0x00000000e1b00000, 0x00000000e1b00000|100%| O|  |TAMS 0x00000000e1b00000, 0x00000000e1a00000| Untracked 
|  27|0x00000000e1b00000, 0x00000000e1c00000, 0x00000000e1c00000|100%| O|  |TAMS 0x00000000e1c00000, 0x00000000e1b00000| Untracked 
|  28|0x00000000e1c00000, 0x00000000e1d00000, 0x00000000e1d00000|100%| O|  |TAMS 0x00000000e1d00000, 0x00000000e1c00000| Untracked 
|  29|0x00000000e1d00000, 0x00000000e1e00000, 0x00000000e1e00000|100%| O|  |TAMS 0x00000000e1e00000, 0x00000000e1d00000| Untracked 
|  30|0x00000000e1e00000, 0x00000000e1f00000, 0x00000000e1f00000|100%| O|  |TAMS 0x00000000e1f00000, 0x00000000e1e00000| Untracked 
|  31|0x00000000e1f00000, 0x00000000e2000000, 0x00000000e2000000|100%| O|  |TAMS 0x00000000e1f9c800, 0x00000000e1f00000| Untracked 
|  32|0x00000000e2000000, 0x00000000e2100000, 0x00000000e2100000|100%| O|  |TAMS 0x00000000e2000000, 0x00000000e2000000| Untracked 
|  33|0x00000000e2100000, 0x00000000e2200000, 0x00000000e2200000|100%|HS|  |TAMS 0x00000000e2200000, 0x00000000e2100000| Complete 
|  34|0x00000000e2200000, 0x00000000e2300000, 0x00000000e2300000|100%|HC|  |TAMS 0x00000000e2300000, 0x00000000e2200000| Complete 
|  35|0x00000000e2300000, 0x00000000e2400000, 0x00000000e2400000|100%|HS|  |TAMS 0x00000000e2400000, 0x00000000e2300000| Complete 
|  36|0x00000000e2400000, 0x00000000e2500000, 0x00000000e2500000|100%|HC|  |TAMS 0x00000000e2500000, 0x00000000e2400000| Complete 
|  37|0x00000000e2500000, 0x00000000e2600000, 0x00000000e2600000|100%|HS|  |TAMS 0x00000000e2600000, 0x00000000e2500000| Complete 
|  38|0x00000000e2600000, 0x00000000e2700000, 0x00000000e2700000|100%|HC|  |TAMS 0x00000000e2700000, 0x00000000e2600000| Complete 
|  39|0x00000000e2700000, 0x00000000e2800000, 0x00000000e2800000|100%|HC|  |TAMS 0x00000000e2800000, 0x00000000e2700000| Complete 
|  40|0x00000000e2800000, 0x00000000e2900000, 0x00000000e2900000|100%|HC|  |TAMS 0x00000000e2900000, 0x00000000e2800000| Complete 
|  41|0x00000000e2900000, 0x00000000e2a00000, 0x00000000e2a00000|100%|HS|  |TAMS 0x00000000e2a00000, 0x00000000e2900000| Complete 
|  42|0x00000000e2a00000, 0x00000000e2b00000, 0x00000000e2b00000|100%|HC|  |TAMS 0x00000000e2b00000, 0x00000000e2a00000| Complete 
|  43|0x00000000e2b00000, 0x00000000e2c00000, 0x00000000e2c00000|100%|HC|  |TAMS 0x00000000e2c00000, 0x00000000e2b00000| Complete 
|  44|0x00000000e2c00000, 0x00000000e2d00000, 0x00000000e2d00000|100%|HC|  |TAMS 0x00000000e2d00000, 0x00000000e2c00000| Complete 
|  45|0x00000000e2d00000, 0x00000000e2e00000, 0x00000000e2e00000|100%| O|  |TAMS 0x00000000e2d00000, 0x00000000e2d00000| Untracked 
|  46|0x00000000e2e00000, 0x00000000e2f00000, 0x00000000e2f00000|100%| O|  |TAMS 0x00000000e2e00000, 0x00000000e2e00000| Untracked 
|  47|0x00000000e2f00000, 0x00000000e3000000, 0x00000000e3000000|100%| O|  |TAMS 0x00000000e2f00000, 0x00000000e2f00000| Untracked 
|  48|0x00000000e3000000, 0x00000000e3100000, 0x00000000e3100000|100%| O|  |TAMS 0x00000000e3000000, 0x00000000e3000000| Untracked 
|  49|0x00000000e3100000, 0x00000000e3200000, 0x00000000e3200000|100%| O|  |TAMS 0x00000000e3100000, 0x00000000e3100000| Untracked 
|  50|0x00000000e3200000, 0x00000000e3300000, 0x00000000e3300000|100%| O|  |TAMS 0x00000000e3200000, 0x00000000e3200000| Untracked 
|  51|0x00000000e3300000, 0x00000000e3400000, 0x00000000e3400000|100%| O|  |TAMS 0x00000000e3300000, 0x00000000e3300000| Untracked 
|  52|0x00000000e3400000, 0x00000000e3500000, 0x00000000e3500000|100%| O|  |TAMS 0x00000000e3400000, 0x00000000e3400000| Untracked 
|  53|0x00000000e3500000, 0x00000000e3600000, 0x00000000e3600000|100%| O|  |TAMS 0x00000000e3500000, 0x00000000e3500000| Untracked 
|  54|0x00000000e3600000, 0x00000000e3700000, 0x00000000e3700000|100%| O|  |TAMS 0x00000000e3600000, 0x00000000e3600000| Untracked 
|  55|0x00000000e3700000, 0x00000000e3800000, 0x00000000e3800000|100%| O|  |TAMS 0x00000000e3700000, 0x00000000e3700000| Untracked 
|  56|0x00000000e3800000, 0x00000000e3900000, 0x00000000e3900000|100%| O|  |TAMS 0x00000000e3800000, 0x00000000e3800000| Untracked 
|  57|0x00000000e3900000, 0x00000000e3a00000, 0x00000000e3a00000|100%| O|  |TAMS 0x00000000e3900000, 0x00000000e3900000| Untracked 
|  58|0x00000000e3a00000, 0x00000000e3b00000, 0x00000000e3b00000|100%| O|  |TAMS 0x00000000e3a00000, 0x00000000e3a00000| Untracked 
|  59|0x00000000e3b00000, 0x00000000e3c00000, 0x00000000e3c00000|100%| O|  |TAMS 0x00000000e3b00000, 0x00000000e3b00000| Untracked 
|  60|0x00000000e3c00000, 0x00000000e3d00000, 0x00000000e3d00000|100%| O|  |TAMS 0x00000000e3c00000, 0x00000000e3c00000| Untracked 
|  61|0x00000000e3d00000, 0x00000000e3e00000, 0x00000000e3e00000|100%| O|  |TAMS 0x00000000e3d00000, 0x00000000e3d00000| Untracked 
|  62|0x00000000e3e00000, 0x00000000e3f00000, 0x00000000e3f00000|100%| O|  |TAMS 0x00000000e3e00000, 0x00000000e3e00000| Untracked 
|  63|0x00000000e3f00000, 0x00000000e3fc4400, 0x00000000e4000000| 76%| O|  |TAMS 0x00000000e3f00000, 0x00000000e3f00000| Untracked 
|  64|0x00000000e4000000, 0x00000000e4000000, 0x00000000e4100000|  0%| F|  |TAMS 0x00000000e4000000, 0x00000000e4000000| Untracked 
|  65|0x00000000e4100000, 0x00000000e4100000, 0x00000000e4200000|  0%| F|  |TAMS 0x00000000e4100000, 0x00000000e4100000| Untracked 
|  66|0x00000000e4200000, 0x00000000e4200000, 0x00000000e4300000|  0%| F|  |TAMS 0x00000000e4200000, 0x00000000e4200000| Untracked 
|  67|0x00000000e4300000, 0x00000000e4300000, 0x00000000e4400000|  0%| F|  |TAMS 0x00000000e4300000, 0x00000000e4300000| Untracked 
|  68|0x00000000e4400000, 0x00000000e4400000, 0x00000000e4500000|  0%| F|  |TAMS 0x00000000e4400000, 0x00000000e4400000| Untracked 
|  69|0x00000000e4500000, 0x00000000e4500000, 0x00000000e4600000|  0%| F|  |TAMS 0x00000000e4500000, 0x00000000e4500000| Untracked 
|  70|0x00000000e4600000, 0x00000000e4600000, 0x00000000e4700000|  0%| F|  |TAMS 0x00000000e4600000, 0x00000000e4600000| Untracked 
|  71|0x00000000e4700000, 0x00000000e4700000, 0x00000000e4800000|  0%| F|  |TAMS 0x00000000e4700000, 0x00000000e4700000| Untracked 
|  72|0x00000000e4800000, 0x00000000e4800000, 0x00000000e4900000|  0%| F|  |TAMS 0x00000000e4800000, 0x00000000e4800000| Untracked 
|  73|0x00000000e4900000, 0x00000000e4900000, 0x00000000e4a00000|  0%| F|  |TAMS 0x00000000e4900000, 0x00000000e4900000| Untracked 
|  74|0x00000000e4a00000, 0x00000000e4a00000, 0x00000000e4b00000|  0%| F|  |TAMS 0x00000000e4a00000, 0x00000000e4a00000| Untracked 
|  75|0x00000000e4b00000, 0x00000000e4b00000, 0x00000000e4c00000|  0%| F|  |TAMS 0x00000000e4b00000, 0x00000000e4b00000| Untracked 
|  76|0x00000000e4c00000, 0x00000000e4c00000, 0x00000000e4d00000|  0%| F|  |TAMS 0x00000000e4c00000, 0x00000000e4c00000| Untracked 
|  77|0x00000000e4d00000, 0x00000000e4d00000, 0x00000000e4e00000|  0%| F|  |TAMS 0x00000000e4d00000, 0x00000000e4d00000| Untracked 
|  78|0x00000000e4e00000, 0x00000000e4e00000, 0x00000000e4f00000|  0%| F|  |TAMS 0x00000000e4e00000, 0x00000000e4e00000| Untracked 
|  79|0x00000000e4f00000, 0x00000000e4f00000, 0x00000000e5000000|  0%| F|  |TAMS 0x00000000e4f00000, 0x00000000e4f00000| Untracked 
|  80|0x00000000e5000000, 0x00000000e5000000, 0x00000000e5100000|  0%| F|  |TAMS 0x00000000e5000000, 0x00000000e5000000| Untracked 
|  81|0x00000000e5100000, 0x00000000e5100000, 0x00000000e5200000|  0%| F|  |TAMS 0x00000000e5100000, 0x00000000e5100000| Untracked 
|  82|0x00000000e5200000, 0x00000000e5200000, 0x00000000e5300000|  0%| F|  |TAMS 0x00000000e5200000, 0x00000000e5200000| Untracked 
|  83|0x00000000e5300000, 0x00000000e5300000, 0x00000000e5400000|  0%| F|  |TAMS 0x00000000e5300000, 0x00000000e5300000| Untracked 
|  84|0x00000000e5400000, 0x00000000e5400000, 0x00000000e5500000|  0%| F|  |TAMS 0x00000000e5400000, 0x00000000e5400000| Untracked 
|  85|0x00000000e5500000, 0x00000000e5500000, 0x00000000e5600000|  0%| F|  |TAMS 0x00000000e5500000, 0x00000000e5500000| Untracked 
|  86|0x00000000e5600000, 0x00000000e5600000, 0x00000000e5700000|  0%| F|  |TAMS 0x00000000e5600000, 0x00000000e5600000| Untracked 
|  87|0x00000000e5700000, 0x00000000e5700000, 0x00000000e5800000|  0%| F|  |TAMS 0x00000000e5700000, 0x00000000e5700000| Untracked 
|  88|0x00000000e5800000, 0x00000000e5800000, 0x00000000e5900000|  0%| F|  |TAMS 0x00000000e5800000, 0x00000000e5800000| Untracked 
|  89|0x00000000e5900000, 0x00000000e5900000, 0x00000000e5a00000|  0%| F|  |TAMS 0x00000000e5900000, 0x00000000e5900000| Untracked 
|  90|0x00000000e5a00000, 0x00000000e5a00000, 0x00000000e5b00000|  0%| F|  |TAMS 0x00000000e5a00000, 0x00000000e5a00000| Untracked 
|  91|0x00000000e5b00000, 0x00000000e5b00000, 0x00000000e5c00000|  0%| F|  |TAMS 0x00000000e5b00000, 0x00000000e5b00000| Untracked 
|  92|0x00000000e5c00000, 0x00000000e5c00000, 0x00000000e5d00000|  0%| F|  |TAMS 0x00000000e5c00000, 0x00000000e5c00000| Untracked 
|  93|0x00000000e5d00000, 0x00000000e5d00000, 0x00000000e5e00000|  0%| F|  |TAMS 0x00000000e5d00000, 0x00000000e5d00000| Untracked 
|  94|0x00000000e5e00000, 0x00000000e5e00000, 0x00000000e5f00000|  0%| F|  |TAMS 0x00000000e5e00000, 0x00000000e5e00000| Untracked 
|  95|0x00000000e5f00000, 0x00000000e5f00000, 0x00000000e6000000|  0%| F|  |TAMS 0x00000000e5f00000, 0x00000000e5f00000| Untracked 
|  96|0x00000000e6000000, 0x00000000e6000000, 0x00000000e6100000|  0%| F|  |TAMS 0x00000000e6000000, 0x00000000e6000000| Untracked 
|  97|0x00000000e6100000, 0x00000000e6100000, 0x00000000e6200000|  0%| F|  |TAMS 0x00000000e6100000, 0x00000000e6100000| Untracked 
|  98|0x00000000e6200000, 0x00000000e6200000, 0x00000000e6300000|  0%| F|  |TAMS 0x00000000e6200000, 0x00000000e6200000| Untracked 
|  99|0x00000000e6300000, 0x00000000e6300000, 0x00000000e6400000|  0%| F|  |TAMS 0x00000000e6300000, 0x00000000e6300000| Untracked 
| 100|0x00000000e6400000, 0x00000000e6400000, 0x00000000e6500000|  0%| F|  |TAMS 0x00000000e6400000, 0x00000000e6400000| Untracked 
| 101|0x00000000e6500000, 0x00000000e6500000, 0x00000000e6600000|  0%| F|  |TAMS 0x00000000e6500000, 0x00000000e6500000| Untracked 
| 102|0x00000000e6600000, 0x00000000e6600000, 0x00000000e6700000|  0%| F|  |TAMS 0x00000000e6600000, 0x00000000e6600000| Untracked 
| 103|0x00000000e6700000, 0x00000000e6700000, 0x00000000e6800000|  0%| F|  |TAMS 0x00000000e6700000, 0x00000000e6700000| Untracked 
| 104|0x00000000e6800000, 0x00000000e6800000, 0x00000000e6900000|  0%| F|  |TAMS 0x00000000e6800000, 0x00000000e6800000| Untracked 
| 105|0x00000000e6900000, 0x00000000e6900000, 0x00000000e6a00000|  0%| F|  |TAMS 0x00000000e6900000, 0x00000000e6900000| Untracked 
| 106|0x00000000e6a00000, 0x00000000e6a00000, 0x00000000e6b00000|  0%| F|  |TAMS 0x00000000e6a00000, 0x00000000e6a00000| Untracked 
| 107|0x00000000e6b00000, 0x00000000e6b00000, 0x00000000e6c00000|  0%| F|  |TAMS 0x00000000e6b00000, 0x00000000e6b00000| Untracked 
| 108|0x00000000e6c00000, 0x00000000e6c00000, 0x00000000e6d00000|  0%| F|  |TAMS 0x00000000e6c00000, 0x00000000e6c00000| Untracked 
| 109|0x00000000e6d00000, 0x00000000e6d00000, 0x00000000e6e00000|  0%| F|  |TAMS 0x00000000e6d00000, 0x00000000e6d00000| Untracked 
| 110|0x00000000e6e00000, 0x00000000e6e00000, 0x00000000e6f00000|  0%| F|  |TAMS 0x00000000e6e00000, 0x00000000e6e00000| Untracked 
| 111|0x00000000e6f00000, 0x00000000e6f00000, 0x00000000e7000000|  0%| F|  |TAMS 0x00000000e6f00000, 0x00000000e6f00000| Untracked 
| 112|0x00000000e7000000, 0x00000000e7000000, 0x00000000e7100000|  0%| F|  |TAMS 0x00000000e7000000, 0x00000000e7000000| Untracked 
| 113|0x00000000e7100000, 0x00000000e7100000, 0x00000000e7200000|  0%| F|  |TAMS 0x00000000e7100000, 0x00000000e7100000| Untracked 
| 114|0x00000000e7200000, 0x00000000e7200000, 0x00000000e7300000|  0%| F|  |TAMS 0x00000000e7200000, 0x00000000e7200000| Untracked 
| 115|0x00000000e7300000, 0x00000000e7300000, 0x00000000e7400000|  0%| F|  |TAMS 0x00000000e7300000, 0x00000000e7300000| Untracked 
| 116|0x00000000e7400000, 0x00000000e74a5ff0, 0x00000000e7500000| 64%| S|CS|TAMS 0x00000000e7400000, 0x00000000e7400000| Complete 
| 117|0x00000000e7500000, 0x00000000e7600000, 0x00000000e7600000|100%| S|CS|TAMS 0x00000000e7500000, 0x00000000e7500000| Complete 
| 118|0x00000000e7600000, 0x00000000e7700000, 0x00000000e7700000|100%| S|CS|TAMS 0x00000000e7600000, 0x00000000e7600000| Complete 
| 119|0x00000000e7700000, 0x00000000e7800000, 0x00000000e7800000|100%| S|CS|TAMS 0x00000000e7700000, 0x00000000e7700000| Complete 
| 120|0x00000000e7800000, 0x00000000e7900000, 0x00000000e7900000|100%| S|CS|TAMS 0x00000000e7800000, 0x00000000e7800000| Complete 
| 121|0x00000000e7900000, 0x00000000e7a00000, 0x00000000e7a00000|100%| S|CS|TAMS 0x00000000e7900000, 0x00000000e7900000| Complete 
| 122|0x00000000e7a00000, 0x00000000e7b00000, 0x00000000e7b00000|100%| S|CS|TAMS 0x00000000e7a00000, 0x00000000e7a00000| Complete 
| 123|0x00000000e7b00000, 0x00000000e7c00000, 0x00000000e7c00000|100%| S|CS|TAMS 0x00000000e7b00000, 0x00000000e7b00000| Complete 
| 124|0x00000000e7c00000, 0x00000000e7d00000, 0x00000000e7d00000|100%| S|CS|TAMS 0x00000000e7c00000, 0x00000000e7c00000| Complete 
| 125|0x00000000e7d00000, 0x00000000e7e00000, 0x00000000e7e00000|100%| S|CS|TAMS 0x00000000e7d00000, 0x00000000e7d00000| Complete 
| 126|0x00000000e7e00000, 0x00000000e7e00000, 0x00000000e7f00000|  0%| F|  |TAMS 0x00000000e7e00000, 0x00000000e7e00000| Untracked 
| 127|0x00000000e7f00000, 0x00000000e7f00000, 0x00000000e8000000|  0%| F|  |TAMS 0x00000000e7f00000, 0x00000000e7f00000| Untracked 
| 128|0x00000000e8000000, 0x00000000e8000000, 0x00000000e8100000|  0%| F|  |TAMS 0x00000000e8000000, 0x00000000e8000000| Untracked 
| 129|0x00000000e8100000, 0x00000000e8100000, 0x00000000e8200000|  0%| F|  |TAMS 0x00000000e8100000, 0x00000000e8100000| Untracked 
| 130|0x00000000e8200000, 0x00000000e8200000, 0x00000000e8300000|  0%| F|  |TAMS 0x00000000e8200000, 0x00000000e8200000| Untracked 
| 131|0x00000000e8300000, 0x00000000e8300000, 0x00000000e8400000|  0%| F|  |TAMS 0x00000000e8300000, 0x00000000e8300000| Untracked 
| 132|0x00000000e8400000, 0x00000000e8400000, 0x00000000e8500000|  0%| F|  |TAMS 0x00000000e8400000, 0x00000000e8400000| Untracked 
| 133|0x00000000e8500000, 0x00000000e8500000, 0x00000000e8600000|  0%| F|  |TAMS 0x00000000e8500000, 0x00000000e8500000| Untracked 
| 134|0x00000000e8600000, 0x00000000e8600000, 0x00000000e8700000|  0%| F|  |TAMS 0x00000000e8600000, 0x00000000e8600000| Untracked 
| 135|0x00000000e8700000, 0x00000000e8700000, 0x00000000e8800000|  0%| F|  |TAMS 0x00000000e8700000, 0x00000000e8700000| Untracked 
| 136|0x00000000e8800000, 0x00000000e8800000, 0x00000000e8900000|  0%| F|  |TAMS 0x00000000e8800000, 0x00000000e8800000| Untracked 
| 137|0x00000000e8900000, 0x00000000e8900000, 0x00000000e8a00000|  0%| F|  |TAMS 0x00000000e8900000, 0x00000000e8900000| Untracked 
| 138|0x00000000e8a00000, 0x00000000e8a00000, 0x00000000e8b00000|  0%| F|  |TAMS 0x00000000e8a00000, 0x00000000e8a00000| Untracked 
| 139|0x00000000e8b00000, 0x00000000e8b00000, 0x00000000e8c00000|  0%| F|  |TAMS 0x00000000e8b00000, 0x00000000e8b00000| Untracked 
| 140|0x00000000e8c00000, 0x00000000e8c00000, 0x00000000e8d00000|  0%| F|  |TAMS 0x00000000e8c00000, 0x00000000e8c00000| Untracked 
| 141|0x00000000e8d00000, 0x00000000e8d00000, 0x00000000e8e00000|  0%| F|  |TAMS 0x00000000e8d00000, 0x00000000e8d00000| Untracked 
| 142|0x00000000e8e00000, 0x00000000e8e00000, 0x00000000e8f00000|  0%| F|  |TAMS 0x00000000e8e00000, 0x00000000e8e00000| Untracked 
| 143|0x00000000e8f00000, 0x00000000e8f00000, 0x00000000e9000000|  0%| F|  |TAMS 0x00000000e8f00000, 0x00000000e8f00000| Untracked 
| 144|0x00000000e9000000, 0x00000000e9000000, 0x00000000e9100000|  0%| F|  |TAMS 0x00000000e9000000, 0x00000000e9000000| Untracked 
| 145|0x00000000e9100000, 0x00000000e9100000, 0x00000000e9200000|  0%| F|  |TAMS 0x00000000e9100000, 0x00000000e9100000| Untracked 
| 146|0x00000000e9200000, 0x00000000e9200000, 0x00000000e9300000|  0%| F|  |TAMS 0x00000000e9200000, 0x00000000e9200000| Untracked 
| 147|0x00000000e9300000, 0x00000000e9300000, 0x00000000e9400000|  0%| F|  |TAMS 0x00000000e9300000, 0x00000000e9300000| Untracked 
| 148|0x00000000e9400000, 0x00000000e9400000, 0x00000000e9500000|  0%| F|  |TAMS 0x00000000e9400000, 0x00000000e9400000| Untracked 
| 149|0x00000000e9500000, 0x00000000e9500000, 0x00000000e9600000|  0%| F|  |TAMS 0x00000000e9500000, 0x00000000e9500000| Untracked 
| 150|0x00000000e9600000, 0x00000000e9600000, 0x00000000e9700000|  0%| F|  |TAMS 0x00000000e9600000, 0x00000000e9600000| Untracked 
| 151|0x00000000e9700000, 0x00000000e9700000, 0x00000000e9800000|  0%| F|  |TAMS 0x00000000e9700000, 0x00000000e9700000| Untracked 
| 152|0x00000000e9800000, 0x00000000e9800000, 0x00000000e9900000|  0%| F|  |TAMS 0x00000000e9800000, 0x00000000e9800000| Untracked 
| 153|0x00000000e9900000, 0x00000000e9900000, 0x00000000e9a00000|  0%| F|  |TAMS 0x00000000e9900000, 0x00000000e9900000| Untracked 
| 154|0x00000000e9a00000, 0x00000000e9a00000, 0x00000000e9b00000|  0%| F|  |TAMS 0x00000000e9a00000, 0x00000000e9a00000| Untracked 
| 155|0x00000000e9b00000, 0x00000000e9b00000, 0x00000000e9c00000|  0%| F|  |TAMS 0x00000000e9b00000, 0x00000000e9b00000| Untracked 
| 156|0x00000000e9c00000, 0x00000000e9c00000, 0x00000000e9d00000|  0%| F|  |TAMS 0x00000000e9c00000, 0x00000000e9c00000| Untracked 
| 157|0x00000000e9d00000, 0x00000000e9d00000, 0x00000000e9e00000|  0%| F|  |TAMS 0x00000000e9d00000, 0x00000000e9d00000| Untracked 
| 158|0x00000000e9e00000, 0x00000000e9e00000, 0x00000000e9f00000|  0%| F|  |TAMS 0x00000000e9e00000, 0x00000000e9e00000| Untracked 
| 159|0x00000000e9f00000, 0x00000000e9f00000, 0x00000000ea000000|  0%| F|  |TAMS 0x00000000e9f00000, 0x00000000e9f00000| Untracked 
| 160|0x00000000ea000000, 0x00000000ea000000, 0x00000000ea100000|  0%| F|  |TAMS 0x00000000ea000000, 0x00000000ea000000| Untracked 
| 161|0x00000000ea100000, 0x00000000ea100000, 0x00000000ea200000|  0%| F|  |TAMS 0x00000000ea100000, 0x00000000ea100000| Untracked 
| 162|0x00000000ea200000, 0x00000000ea200000, 0x00000000ea300000|  0%| F|  |TAMS 0x00000000ea200000, 0x00000000ea200000| Untracked 
| 163|0x00000000ea300000, 0x00000000ea300000, 0x00000000ea400000|  0%| F|  |TAMS 0x00000000ea300000, 0x00000000ea300000| Untracked 
| 164|0x00000000ea400000, 0x00000000ea400000, 0x00000000ea500000|  0%| F|  |TAMS 0x00000000ea400000, 0x00000000ea400000| Untracked 
| 165|0x00000000ea500000, 0x00000000ea500000, 0x00000000ea600000|  0%| F|  |TAMS 0x00000000ea500000, 0x00000000ea500000| Untracked 
| 166|0x00000000ea600000, 0x00000000ea600000, 0x00000000ea700000|  0%| F|  |TAMS 0x00000000ea600000, 0x00000000ea600000| Untracked 
| 167|0x00000000ea700000, 0x00000000ea700000, 0x00000000ea800000|  0%| F|  |TAMS 0x00000000ea700000, 0x00000000ea700000| Untracked 
| 168|0x00000000ea800000, 0x00000000ea800000, 0x00000000ea900000|  0%| F|  |TAMS 0x00000000ea800000, 0x00000000ea800000| Untracked 
| 169|0x00000000ea900000, 0x00000000ea900000, 0x00000000eaa00000|  0%| F|  |TAMS 0x00000000ea900000, 0x00000000ea900000| Untracked 
| 170|0x00000000eaa00000, 0x00000000eaa00000, 0x00000000eab00000|  0%| F|  |TAMS 0x00000000eaa00000, 0x00000000eaa00000| Untracked 
| 171|0x00000000eab00000, 0x00000000eab00000, 0x00000000eac00000|  0%| F|  |TAMS 0x00000000eab00000, 0x00000000eab00000| Untracked 
| 172|0x00000000eac00000, 0x00000000eac00000, 0x00000000ead00000|  0%| F|  |TAMS 0x00000000eac00000, 0x00000000eac00000| Untracked 
| 173|0x00000000ead00000, 0x00000000ead00000, 0x00000000eae00000|  0%| F|  |TAMS 0x00000000ead00000, 0x00000000ead00000| Untracked 
| 174|0x00000000eae00000, 0x00000000eae00000, 0x00000000eaf00000|  0%| F|  |TAMS 0x00000000eae00000, 0x00000000eae00000| Untracked 
| 175|0x00000000eaf00000, 0x00000000eaf00000, 0x00000000eb000000|  0%| F|  |TAMS 0x00000000eaf00000, 0x00000000eaf00000| Untracked 
| 176|0x00000000eb000000, 0x00000000eb000000, 0x00000000eb100000|  0%| F|  |TAMS 0x00000000eb000000, 0x00000000eb000000| Untracked 
| 177|0x00000000eb100000, 0x00000000eb100000, 0x00000000eb200000|  0%| F|  |TAMS 0x00000000eb100000, 0x00000000eb100000| Untracked 
| 178|0x00000000eb200000, 0x00000000eb200000, 0x00000000eb300000|  0%| F|  |TAMS 0x00000000eb200000, 0x00000000eb200000| Untracked 
| 179|0x00000000eb300000, 0x00000000eb300000, 0x00000000eb400000|  0%| F|  |TAMS 0x00000000eb300000, 0x00000000eb300000| Untracked 
| 180|0x00000000eb400000, 0x00000000eb400000, 0x00000000eb500000|  0%| F|  |TAMS 0x00000000eb400000, 0x00000000eb400000| Untracked 
| 181|0x00000000eb500000, 0x00000000eb500000, 0x00000000eb600000|  0%| F|  |TAMS 0x00000000eb500000, 0x00000000eb500000| Untracked 
| 182|0x00000000eb600000, 0x00000000eb600000, 0x00000000eb700000|  0%| F|  |TAMS 0x00000000eb600000, 0x00000000eb600000| Untracked 
| 183|0x00000000eb700000, 0x00000000eb700000, 0x00000000eb800000|  0%| F|  |TAMS 0x00000000eb700000, 0x00000000eb700000| Untracked 
| 184|0x00000000eb800000, 0x00000000eb800000, 0x00000000eb900000|  0%| F|  |TAMS 0x00000000eb800000, 0x00000000eb800000| Untracked 
| 185|0x00000000eb900000, 0x00000000eb900000, 0x00000000eba00000|  0%| F|  |TAMS 0x00000000eb900000, 0x00000000eb900000| Untracked 
| 186|0x00000000eba00000, 0x00000000eba00000, 0x00000000ebb00000|  0%| F|  |TAMS 0x00000000eba00000, 0x00000000eba00000| Untracked 
| 187|0x00000000ebb00000, 0x00000000ebb00000, 0x00000000ebc00000|  0%| F|  |TAMS 0x00000000ebb00000, 0x00000000ebb00000| Untracked 
| 188|0x00000000ebc00000, 0x00000000ebc97ea8, 0x00000000ebd00000| 59%| E|  |TAMS 0x00000000ebc00000, 0x00000000ebc00000| Complete 
| 189|0x00000000ebd00000, 0x00000000ebe00000, 0x00000000ebe00000|100%| E|CS|TAMS 0x00000000ebd00000, 0x00000000ebd00000| Complete 
| 190|0x00000000ebe00000, 0x00000000ebf00000, 0x00000000ebf00000|100%| E|CS|TAMS 0x00000000ebe00000, 0x00000000ebe00000| Complete 
| 191|0x00000000ebf00000, 0x00000000ec000000, 0x00000000ec000000|100%| E|CS|TAMS 0x00000000ebf00000, 0x00000000ebf00000| Complete 
| 192|0x00000000ec000000, 0x00000000ec100000, 0x00000000ec100000|100%| E|CS|TAMS 0x00000000ec000000, 0x00000000ec000000| Complete 
| 193|0x00000000ec100000, 0x00000000ec200000, 0x00000000ec200000|100%| E|CS|TAMS 0x00000000ec100000, 0x00000000ec100000| Complete 
| 194|0x00000000ec200000, 0x00000000ec300000, 0x00000000ec300000|100%| E|CS|TAMS 0x00000000ec200000, 0x00000000ec200000| Complete 
| 195|0x00000000ec300000, 0x00000000ec400000, 0x00000000ec400000|100%| E|CS|TAMS 0x00000000ec300000, 0x00000000ec300000| Complete 
| 196|0x00000000ec400000, 0x00000000ec500000, 0x00000000ec500000|100%| E|CS|TAMS 0x00000000ec400000, 0x00000000ec400000| Complete 
| 197|0x00000000ec500000, 0x00000000ec600000, 0x00000000ec600000|100%| E|CS|TAMS 0x00000000ec500000, 0x00000000ec500000| Complete 
| 198|0x00000000ec600000, 0x00000000ec700000, 0x00000000ec700000|100%| E|CS|TAMS 0x00000000ec600000, 0x00000000ec600000| Complete 
| 199|0x00000000ec700000, 0x00000000ec800000, 0x00000000ec800000|100%| E|CS|TAMS 0x00000000ec700000, 0x00000000ec700000| Complete 
| 200|0x00000000ec800000, 0x00000000ec900000, 0x00000000ec900000|100%| E|CS|TAMS 0x00000000ec800000, 0x00000000ec800000| Complete 
| 201|0x00000000ec900000, 0x00000000eca00000, 0x00000000eca00000|100%| E|CS|TAMS 0x00000000ec900000, 0x00000000ec900000| Complete 
| 202|0x00000000eca00000, 0x00000000ecb00000, 0x00000000ecb00000|100%| E|CS|TAMS 0x00000000eca00000, 0x00000000eca00000| Complete 
| 203|0x00000000ecb00000, 0x00000000ecc00000, 0x00000000ecc00000|100%| E|CS|TAMS 0x00000000ecb00000, 0x00000000ecb00000| Complete 
| 204|0x00000000ecc00000, 0x00000000ecd00000, 0x00000000ecd00000|100%| E|  |TAMS 0x00000000ecc00000, 0x00000000ecc00000| Complete 
| 205|0x00000000ecd00000, 0x00000000ece00000, 0x00000000ece00000|100%| E|CS|TAMS 0x00000000ecd00000, 0x00000000ecd00000| Complete 
| 206|0x00000000ece00000, 0x00000000ecf00000, 0x00000000ecf00000|100%| E|CS|TAMS 0x00000000ece00000, 0x00000000ece00000| Complete 
| 207|0x00000000ecf00000, 0x00000000ed000000, 0x00000000ed000000|100%| E|CS|TAMS 0x00000000ecf00000, 0x00000000ecf00000| Complete 
| 208|0x00000000ed000000, 0x00000000ed100000, 0x00000000ed100000|100%| E|CS|TAMS 0x00000000ed000000, 0x00000000ed000000| Complete 
| 209|0x00000000ed100000, 0x00000000ed200000, 0x00000000ed200000|100%| E|CS|TAMS 0x00000000ed100000, 0x00000000ed100000| Complete 
| 210|0x00000000ed200000, 0x00000000ed300000, 0x00000000ed300000|100%| E|CS|TAMS 0x00000000ed200000, 0x00000000ed200000| Complete 
| 211|0x00000000ed300000, 0x00000000ed400000, 0x00000000ed400000|100%| E|CS|TAMS 0x00000000ed300000, 0x00000000ed300000| Complete 
| 212|0x00000000ed400000, 0x00000000ed500000, 0x00000000ed500000|100%| E|CS|TAMS 0x00000000ed400000, 0x00000000ed400000| Complete 
| 213|0x00000000ed500000, 0x00000000ed600000, 0x00000000ed600000|100%| E|CS|TAMS 0x00000000ed500000, 0x00000000ed500000| Complete 
| 214|0x00000000ed600000, 0x00000000ed700000, 0x00000000ed700000|100%| E|CS|TAMS 0x00000000ed600000, 0x00000000ed600000| Complete 
| 215|0x00000000ed700000, 0x00000000ed800000, 0x00000000ed800000|100%| E|CS|TAMS 0x00000000ed700000, 0x00000000ed700000| Complete 
| 216|0x00000000ed800000, 0x00000000ed900000, 0x00000000ed900000|100%| E|CS|TAMS 0x00000000ed800000, 0x00000000ed800000| Complete 
| 217|0x00000000ed900000, 0x00000000eda00000, 0x00000000eda00000|100%| E|CS|TAMS 0x00000000ed900000, 0x00000000ed900000| Complete 
| 218|0x00000000eda00000, 0x00000000edb00000, 0x00000000edb00000|100%| E|CS|TAMS 0x00000000eda00000, 0x00000000eda00000| Complete 
| 219|0x00000000edb00000, 0x00000000edc00000, 0x00000000edc00000|100%| E|CS|TAMS 0x00000000edb00000, 0x00000000edb00000| Complete 
| 220|0x00000000edc00000, 0x00000000edd00000, 0x00000000edd00000|100%| E|CS|TAMS 0x00000000edc00000, 0x00000000edc00000| Complete 
| 221|0x00000000edd00000, 0x00000000ede00000, 0x00000000ede00000|100%| E|CS|TAMS 0x00000000edd00000, 0x00000000edd00000| Complete 
| 222|0x00000000ede00000, 0x00000000edf00000, 0x00000000edf00000|100%| E|CS|TAMS 0x00000000ede00000, 0x00000000ede00000| Complete 
| 223|0x00000000edf00000, 0x00000000ee000000, 0x00000000ee000000|100%| E|CS|TAMS 0x00000000edf00000, 0x00000000edf00000| Complete 
| 224|0x00000000ee000000, 0x00000000ee100000, 0x00000000ee100000|100%| E|CS|TAMS 0x00000000ee000000, 0x00000000ee000000| Complete 
| 225|0x00000000ee100000, 0x00000000ee200000, 0x00000000ee200000|100%| E|CS|TAMS 0x00000000ee100000, 0x00000000ee100000| Complete 
| 226|0x00000000ee200000, 0x00000000ee300000, 0x00000000ee300000|100%| E|CS|TAMS 0x00000000ee200000, 0x00000000ee200000| Complete 
| 227|0x00000000ee300000, 0x00000000ee400000, 0x00000000ee400000|100%| E|CS|TAMS 0x00000000ee300000, 0x00000000ee300000| Complete 
| 228|0x00000000ee400000, 0x00000000ee500000, 0x00000000ee500000|100%| E|CS|TAMS 0x00000000ee400000, 0x00000000ee400000| Complete 
| 229|0x00000000ee500000, 0x00000000ee600000, 0x00000000ee600000|100%| E|CS|TAMS 0x00000000ee500000, 0x00000000ee500000| Complete 
| 230|0x00000000ee600000, 0x00000000ee700000, 0x00000000ee700000|100%| E|CS|TAMS 0x00000000ee600000, 0x00000000ee600000| Complete 
| 231|0x00000000ee700000, 0x00000000ee800000, 0x00000000ee800000|100%| E|CS|TAMS 0x00000000ee700000, 0x00000000ee700000| Complete 
| 232|0x00000000ee800000, 0x00000000ee900000, 0x00000000ee900000|100%| E|CS|TAMS 0x00000000ee800000, 0x00000000ee800000| Complete 
| 233|0x00000000ee900000, 0x00000000eea00000, 0x00000000eea00000|100%| E|CS|TAMS 0x00000000ee900000, 0x00000000ee900000| Complete 
| 234|0x00000000eea00000, 0x00000000eeb00000, 0x00000000eeb00000|100%| E|CS|TAMS 0x00000000eea00000, 0x00000000eea00000| Complete 
| 235|0x00000000eeb00000, 0x00000000eec00000, 0x00000000eec00000|100%| E|CS|TAMS 0x00000000eeb00000, 0x00000000eeb00000| Complete 
| 236|0x00000000eec00000, 0x00000000eed00000, 0x00000000eed00000|100%| E|CS|TAMS 0x00000000eec00000, 0x00000000eec00000| Complete 
| 237|0x00000000eed00000, 0x00000000eee00000, 0x00000000eee00000|100%| E|CS|TAMS 0x00000000eed00000, 0x00000000eed00000| Complete 
| 238|0x00000000eee00000, 0x00000000eef00000, 0x00000000eef00000|100%| E|CS|TAMS 0x00000000eee00000, 0x00000000eee00000| Complete 
| 239|0x00000000eef00000, 0x00000000ef000000, 0x00000000ef000000|100%| E|CS|TAMS 0x00000000eef00000, 0x00000000eef00000| Complete 
| 240|0x00000000ef000000, 0x00000000ef100000, 0x00000000ef100000|100%| E|CS|TAMS 0x00000000ef000000, 0x00000000ef000000| Complete 
| 241|0x00000000ef100000, 0x00000000ef200000, 0x00000000ef200000|100%| E|CS|TAMS 0x00000000ef100000, 0x00000000ef100000| Complete 
| 242|0x00000000ef200000, 0x00000000ef300000, 0x00000000ef300000|100%| E|CS|TAMS 0x00000000ef200000, 0x00000000ef200000| Complete 
| 243|0x00000000ef300000, 0x00000000ef400000, 0x00000000ef400000|100%| E|CS|TAMS 0x00000000ef300000, 0x00000000ef300000| Complete 
| 244|0x00000000ef400000, 0x00000000ef500000, 0x00000000ef500000|100%| E|CS|TAMS 0x00000000ef400000, 0x00000000ef400000| Complete 
| 245|0x00000000ef500000, 0x00000000ef600000, 0x00000000ef600000|100%| E|CS|TAMS 0x00000000ef500000, 0x00000000ef500000| Complete 
| 246|0x00000000ef600000, 0x00000000ef700000, 0x00000000ef700000|100%| E|CS|TAMS 0x00000000ef600000, 0x00000000ef600000| Complete 
| 247|0x00000000ef700000, 0x00000000ef800000, 0x00000000ef800000|100%| E|CS|TAMS 0x00000000ef700000, 0x00000000ef700000| Complete 
| 248|0x00000000ef800000, 0x00000000ef900000, 0x00000000ef900000|100%| E|CS|TAMS 0x00000000ef800000, 0x00000000ef800000| Complete 
| 249|0x00000000ef900000, 0x00000000efa00000, 0x00000000efa00000|100%| E|CS|TAMS 0x00000000ef900000, 0x00000000ef900000| Complete 
| 250|0x00000000efa00000, 0x00000000efb00000, 0x00000000efb00000|100%| E|CS|TAMS 0x00000000efa00000, 0x00000000efa00000| Complete 
| 251|0x00000000efb00000, 0x00000000efc00000, 0x00000000efc00000|100%| E|CS|TAMS 0x00000000efb00000, 0x00000000efb00000| Complete 
| 252|0x00000000efc00000, 0x00000000efd00000, 0x00000000efd00000|100%| E|CS|TAMS 0x00000000efc00000, 0x00000000efc00000| Complete 
| 253|0x00000000efd00000, 0x00000000efe00000, 0x00000000efe00000|100%| E|CS|TAMS 0x00000000efd00000, 0x00000000efd00000| Complete 
| 254|0x00000000efe00000, 0x00000000eff00000, 0x00000000eff00000|100%| E|CS|TAMS 0x00000000efe00000, 0x00000000efe00000| Complete 
| 255|0x00000000eff00000, 0x00000000f0000000, 0x00000000f0000000|100%| E|CS|TAMS 0x00000000eff00000, 0x00000000eff00000| Complete 

Card table byte_map: [0x0000024ca6200000,0x0000024ca6300000] _byte_map_base: 0x0000024ca5b00000

Marking Bits (Prev, Next): (CMBitMap*) 0x0000024c8f5711e0, (CMBitMap*) 0x0000024c8f5711a0
 Prev Bits: [0x0000024ca6c00000, 0x0000024ca7400000)
 Next Bits: [0x0000024ca6400000, 0x0000024ca6c00000)

Polling page: 0x0000024c8d450000

Metaspace:

Usage:
  Non-class:     64.83 MB used.
      Class:     10.34 MB used.
       Both:     75.17 MB used.

Virtual space:
  Non-class space:       72.00 MB reserved,      65.19 MB ( 91%) committed,  9 nodes.
      Class space:      308.00 MB reserved,      10.69 MB (  3%) committed,  1 nodes.
             Both:      380.00 MB reserved,      75.88 MB ( 20%) committed. 

Chunk freelists:
   Non-Class:  2.20 MB
       Class:  1.33 MB
        Both:  3.52 MB

MaxMetaspaceSize: 384.00 MB
CompressedClassSpaceSize: 308.00 MB
Initial GC threshold: 21.00 MB
Current GC threshold: 99.38 MB
CDS: on
MetaspaceReclaimPolicy: balanced
 - commit_granule_bytes: 65536.
 - commit_granule_words: 8192.
 - virtual_space_node_default_size: 1048576.
 - enlarge_chunks_in_place: 1.
 - new_chunks_are_fully_committed: 0.
 - uncommit_free_chunks: 1.
 - use_allocation_guard: 0.
 - handle_deallocations: 1.


Internal statistics:

num_allocs_failed_limit: 12.
num_arena_births: 946.
num_arena_deaths: 0.
num_vsnodes_births: 10.
num_vsnodes_deaths: 0.
num_space_committed: 1214.
num_space_uncommitted: 0.
num_chunks_returned_to_freelist: 12.
num_chunks_taken_from_freelist: 3934.
num_chunk_merges: 12.
num_chunk_splits: 2621.
num_chunks_enlarged: 1725.
num_purges: 0.
num_inconsistent_stats: 0.

CodeHeap 'non-profiled nmethods': size=120000Kb used=5188Kb max_used=5943Kb free=114811Kb
 bounds [0x0000024c9e8a0000, 0x0000024c9ee70000, 0x0000024ca5dd0000]
CodeHeap 'profiled nmethods': size=120000Kb used=15771Kb max_used=16948Kb free=104228Kb
 bounds [0x0000024c96dd0000, 0x0000024c97e60000, 0x0000024c9e300000]
CodeHeap 'non-nmethods': size=5760Kb used=2478Kb max_used=2534Kb free=3281Kb
 bounds [0x0000024c9e300000, 0x0000024c9e590000, 0x0000024c9e8a0000]
 total_blobs=8915 nmethods=7975 adapters=851
 compilation: enabled
              stopped_count=0, restarted_count=0
 full_count=0

Compilation events (20 events):
Event: 60.672 Thread 0x0000024ca9e72540 nmethod 9442 0x0000024c9ea49090 code [0x0000024c9ea49220, 0x0000024c9ea492f8]
Event: 60.673 Thread 0x0000024ca9e72540 9443       3       org.gradle.internal.operations.CurrentBuildOperationRef::getId (20 bytes)
Event: 60.673 Thread 0x0000024ca9e72540 nmethod 9443 0x0000024c9747df10 code [0x0000024c9747e0e0, 0x0000024c9747e588]
Event: 60.673 Thread 0x0000024ca9e72540 9444       3       org.gradle.launcher.daemon.server.exec.LogToClient$AsynchronousLogDispatcher$1::onOutput (44 bytes)
Event: 60.674 Thread 0x0000024ca9e72540 nmethod 9444 0x0000024c97634710 code [0x0000024c97634940, 0x0000024c976353d8]
Event: 60.674 Thread 0x0000024ca9e72540 9449       3       org.gradle.internal.logging.console.StyledTextOutputBackedRenderer::onOutput (260 bytes)
Event: 60.676 Thread 0x0000024ca9e5cdb0 9451       4       java.lang.reflect.AccessibleObject::checkCanSetAccessible (368 bytes)
Event: 60.679 Thread 0x0000024ca9e72540 nmethod 9449 0x0000024c96e95810 code [0x0000024c96e95cc0, 0x0000024c96e98c48]
Event: 60.679 Thread 0x0000024ca9e72540 9445       3       org.gradle.launcher.daemon.server.exec.LogToClient$AsynchronousLogDispatcher$1::isMatchingBuildLogLevel (34 bytes)
Event: 60.680 Thread 0x0000024ca9e72540 nmethod 9445 0x0000024c9758bc90 code [0x0000024c9758be60, 0x0000024c9758c228]
Event: 60.680 Thread 0x0000024ca9e72540 9446       1       org.gradle.internal.logging.events.StyledTextOutputEvent$Span::access$000 (5 bytes)
Event: 60.680 Thread 0x0000024ca9e72540 nmethod 9446 0x0000024c9ea48d90 code [0x0000024c9ea48f20, 0x0000024c9ea48fd8]
Event: 60.680 Thread 0x0000024ca9e72540 9447       1       org.gradle.internal.logging.events.StyledTextOutputEvent$Span::access$100 (5 bytes)
Event: 60.680 Thread 0x0000024ca9e72540 nmethod 9447 0x0000024c9ea48a90 code [0x0000024c9ea48c20, 0x0000024c9ea48cd8]
Event: 60.680 Thread 0x0000024ca9e72540 9448       1       org.gradle.internal.logging.sink.OutputEventRenderer::access$700 (5 bytes)
Event: 60.680 Thread 0x0000024ca9e72540 nmethod 9448 0x0000024c9ea48790 code [0x0000024c9ea48920, 0x0000024c9ea489d8]
Event: 60.680 Thread 0x0000024ca9e72540 9452       1       org.gradle.internal.logging.source.PrintStreamLoggingSystem::access$000 (5 bytes)
Event: 60.680 Thread 0x0000024ca9e72540 nmethod 9452 0x0000024c9ed95a10 code [0x0000024c9ed95ba0, 0x0000024c9ed95c58]
Event: 60.680 Thread 0x0000024ca9e72540 9450       3       org.gradle.internal.logging.text.AbstractLineChoppingStyledTextOutput::access$700 (4 bytes)
Event: 60.680 Thread 0x0000024ca9e72540 nmethod 9450 0x0000024c96fa4910 code [0x0000024c96fa4aa0, 0x0000024c96fa4b98]

GC Heap History (18 events):
Event: 0.619 GC heap before
{Heap before GC invocations=0 (full 0):
 garbage-first heap   total 262144K, used 26624K [0x00000000e0000000, 0x0000000100000000)
  region size 1024K, 23 young (23552K), 0 survivors (0K)
 Metaspace       used 3078K, committed 3200K, reserved 323584K
  class space    used 390K, committed 448K, reserved 315392K
}
Event: 0.622 GC heap after
{Heap after GC invocations=1 (full 0):
 garbage-first heap   total 262144K, used 10572K [0x00000000e0000000, 0x0000000100000000)
  region size 1024K, 3 young (3072K), 3 survivors (3072K)
 Metaspace       used 3078K, committed 3200K, reserved 323584K
  class space    used 390K, committed 448K, reserved 315392K
}
Event: 1.011 GC heap before
{Heap before GC invocations=1 (full 0):
 garbage-first heap   total 262144K, used 37196K [0x00000000e0000000, 0x0000000100000000)
  region size 1024K, 30 young (30720K), 3 survivors (3072K)
 Metaspace       used 4071K, committed 4224K, reserved 323584K
  class space    used 495K, committed 576K, reserved 315392K
}
Event: 1.013 GC heap after
{Heap after GC invocations=2 (full 0):
 garbage-first heap   total 262144K, used 12420K [0x00000000e0000000, 0x0000000100000000)
  region size 1024K, 2 young (2048K), 2 survivors (2048K)
 Metaspace       used 4071K, committed 4224K, reserved 323584K
  class space    used 495K, committed 576K, reserved 315392K
}
Event: 3.172 GC heap before
{Heap before GC invocations=2 (full 0):
 garbage-first heap   total 262144K, used 129156K [0x00000000e0000000, 0x0000000100000000)
  region size 1024K, 116 young (118784K), 2 survivors (2048K)
 Metaspace       used 21287K, committed 21504K, reserved 339968K
  class space    used 3143K, committed 3264K, reserved 315392K
}
Event: 3.179 GC heap after
{Heap after GC invocations=3 (full 0):
 garbage-first heap   total 262144K, used 22205K [0x00000000e0000000, 0x0000000100000000)
  region size 1024K, 12 young (12288K), 12 survivors (12288K)
 Metaspace       used 21287K, committed 21504K, reserved 339968K
  class space    used 3143K, committed 3264K, reserved 315392K
}
Event: 4.696 GC heap before
{Heap before GC invocations=4 (full 0):
 garbage-first heap   total 262144K, used 137917K [0x00000000e0000000, 0x0000000100000000)
  region size 1024K, 122 young (124928K), 12 survivors (12288K)
 Metaspace       used 35713K, committed 36096K, reserved 348160K
  class space    used 4918K, committed 5120K, reserved 315392K
}
Event: 4.709 GC heap after
{Heap after GC invocations=5 (full 0):
 garbage-first heap   total 262144K, used 32293K [0x00000000e0000000, 0x0000000100000000)
  region size 1024K, 19 young (19456K), 19 survivors (19456K)
 Metaspace       used 35713K, committed 36096K, reserved 348160K
  class space    used 4918K, committed 5120K, reserved 315392K
}
Event: 4.724 GC heap before
{Heap before GC invocations=5 (full 0):
 garbage-first heap   total 262144K, used 33317K [0x00000000e0000000, 0x0000000100000000)
  region size 1024K, 20 young (20480K), 19 survivors (19456K)
 Metaspace       used 35787K, committed 36160K, reserved 348160K
  class space    used 4930K, committed 5120K, reserved 315392K
}
Event: 4.732 GC heap after
{Heap after GC invocations=6 (full 0):
 garbage-first heap   total 262144K, used 34118K [0x00000000e0000000, 0x0000000100000000)
  region size 1024K, 3 young (3072K), 3 survivors (3072K)
 Metaspace       used 35787K, committed 36160K, reserved 348160K
  class space    used 4930K, committed 5120K, reserved 315392K
}
Event: 4.769 GC heap before
{Heap before GC invocations=6 (full 0):
 garbage-first heap   total 262144K, used 36166K [0x00000000e0000000, 0x0000000100000000)
  region size 1024K, 6 young (6144K), 3 survivors (3072K)
 Metaspace       used 36011K, committed 36416K, reserved 348160K
  class space    used 4964K, committed 5184K, reserved 315392K
}
Event: 4.770 GC heap after
{Heap after GC invocations=7 (full 0):
 garbage-first heap   total 262144K, used 31995K [0x00000000e0000000, 0x0000000100000000)
  region size 1024K, 1 young (1024K), 1 survivors (1024K)
 Metaspace       used 36011K, committed 36416K, reserved 348160K
  class space    used 4964K, committed 5184K, reserved 315392K
}
Event: 7.429 GC heap before
{Heap before GC invocations=8 (full 0):
 garbage-first heap   total 262144K, used 190715K [0x00000000e0000000, 0x0000000100000000)
  region size 1024K, 147 young (150528K), 1 survivors (1024K)
 Metaspace       used 50224K, committed 50816K, reserved 364544K
  class space    used 7026K, committed 7296K, reserved 315392K
}
Event: 7.440 GC heap after
{Heap after GC invocations=9 (full 0):
 garbage-first heap   total 262144K, used 50385K [0x00000000e0000000, 0x0000000100000000)
  region size 1024K, 11 young (11264K), 11 survivors (11264K)
 Metaspace       used 50224K, committed 50816K, reserved 364544K
  class space    used 7026K, committed 7296K, reserved 315392K
}
Event: 9.319 GC heap before
{Heap before GC invocations=9 (full 0):
 garbage-first heap   total 262144K, used 198865K [0x00000000e0000000, 0x0000000100000000)
  region size 1024K, 153 young (156672K), 11 survivors (11264K)
 Metaspace       used 60416K, committed 60928K, reserved 372736K
  class space    used 8377K, committed 8640K, reserved 315392K
}
Event: 9.333 GC heap after
{Heap after GC invocations=10 (full 0):
 garbage-first heap   total 262144K, used 65622K [0x00000000e0000000, 0x0000000100000000)
  region size 1024K, 11 young (11264K), 11 survivors (11264K)
 Metaspace       used 60416K, committed 60928K, reserved 372736K
  class space    used 8377K, committed 8640K, reserved 315392K
}
Event: 11.061 GC heap before
{Heap before GC invocations=11 (full 0):
 garbage-first heap   total 262144K, used 198742K [0x00000000e0000000, 0x0000000100000000)
  region size 1024K, 141 young (144384K), 11 survivors (11264K)
 Metaspace       used 70117K, committed 70784K, reserved 380928K
  class space    used 9729K, committed 10048K, reserved 315392K
}
Event: 11.074 GC heap after
{Heap after GC invocations=12 (full 0):
 garbage-first heap   total 262144K, used 75176K [0x00000000e0000000, 0x0000000100000000)
  region size 1024K, 10 young (10240K), 10 survivors (10240K)
 Metaspace       used 70117K, committed 70784K, reserved 380928K
  class space    used 9729K, committed 10048K, reserved 315392K
}

Deoptimization events (20 events):
Event: 33.291 Thread 0x0000024caf925ed0 Uncommon trap: trap_request=0xffffff45 fr.pc=0x0000024c9ed9450c relative=0x000000000000016c
Event: 33.291 Thread 0x0000024caf925ed0 Uncommon trap: reason=unstable_if action=reinterpret pc=0x0000024c9ed9450c method=java.util.TreeMap.entrySet()Ljava/util/Set; @ 6 c2
Event: 33.291 Thread 0x0000024caf925ed0 DEOPT PACKING pc=0x0000024c9ed9450c sp=0x000000558c7fa680
Event: 33.291 Thread 0x0000024caf925ed0 DEOPT UNPACKING pc=0x0000024c9e3523a3 sp=0x000000558c7fa638 mode 2
Event: 33.291 Thread 0x0000024caf925ed0 DEOPT PACKING pc=0x0000024c979563c4 sp=0x000000558c7f9a30
Event: 33.291 Thread 0x0000024caf925ed0 DEOPT UNPACKING pc=0x0000024c9e352b43 sp=0x000000558c7f8f18 mode 1
Event: 33.292 Thread 0x0000024caf925ed0 DEOPT PACKING pc=0x0000024c97a82b19 sp=0x000000558c7f99a0
Event: 33.292 Thread 0x0000024caf925ed0 DEOPT UNPACKING pc=0x0000024c9e352b43 sp=0x000000558c7f8e98 mode 1
Event: 33.292 Thread 0x0000024caf925ed0 DEOPT PACKING pc=0x0000024c979563c4 sp=0x000000558c7f9b10
Event: 33.292 Thread 0x0000024caf925ed0 DEOPT UNPACKING pc=0x0000024c9e352b43 sp=0x000000558c7f8ff8 mode 1
Event: 33.370 Thread 0x0000024cad8bc520 Uncommon trap: trap_request=0xffffff45 fr.pc=0x0000024c9ee2abf0 relative=0x00000000000026f0
Event: 33.370 Thread 0x0000024cad8bc520 Uncommon trap: reason=unstable_if action=reinterpret pc=0x0000024c9ee2abf0 method=org.gradle.internal.logging.text.AbstractLineChoppingStyledTextOutput$2.execute(Lorg/gradle/internal/logging/text/AbstractLineChoppingStyledTextOutput$StateContext;)V @ 34 c
Event: 33.370 Thread 0x0000024cad8bc520 DEOPT PACKING pc=0x0000024c9ee2abf0 sp=0x000000558b4fda10
Event: 33.370 Thread 0x0000024cad8bc520 DEOPT UNPACKING pc=0x0000024c9e3523a3 sp=0x000000558b4fd8e8 mode 2
Event: 41.252 Thread 0x0000024cac320280 DEOPT PACKING pc=0x0000024c979563c4 sp=0x00000055886faa60
Event: 41.252 Thread 0x0000024cac320280 DEOPT UNPACKING pc=0x0000024c9e352b43 sp=0x00000055886f9f48 mode 1
Event: 41.252 Thread 0x0000024cac320280 DEOPT PACKING pc=0x0000024c97a82b19 sp=0x00000055886fa9d0
Event: 41.252 Thread 0x0000024cac320280 DEOPT UNPACKING pc=0x0000024c9e352b43 sp=0x00000055886f9ec8 mode 1
Event: 41.252 Thread 0x0000024cac320280 DEOPT PACKING pc=0x0000024c979563c4 sp=0x00000055886fab40
Event: 41.252 Thread 0x0000024cac320280 DEOPT UNPACKING pc=0x0000024c9e352b43 sp=0x00000055886fa028 mode 1

Classes unloaded (0 events):
No events

Classes redefined (0 events):
No events

Internal exceptions (20 events):
Event: 33.188 Thread 0x0000024caf925ed0 Exception <a 'java/lang/ClassNotFoundException'{0x00000000ec346c30}: com/intellij/openapi/externalSystem/rt/execution/ForkedDebuggerHelperCustomizer> (0x00000000ec346c30) 
thrown [s\open\src\hotspot\share\classfile\systemDictionary.cpp, line 256]
Event: 33.192 Thread 0x0000024caf925ed0 Exception <a 'java/net/SocketException'{0x00000000ec359628}: Socket is not connected: shutdown> (0x00000000ec359628) 
thrown [s\open\src\hotspot\share\prims\jni.cpp, line 535]
Event: 33.204 Thread 0x0000024caf925ed0 Exception <a 'java/lang/ClassNotFoundException'{0x00000000ec244928}: org/gradle/api/internal/file/collections/DefaultConfigurableFileCollectionBeanInfo> (0x00000000ec244928) 
thrown [s\open\src\hotspot\share\classfile\systemDictionary.cpp, line 256]
Event: 33.205 Thread 0x0000024caf925ed0 Exception <a 'java/lang/ClassNotFoundException'{0x00000000ec254d08}: org/gradle/api/internal/file/CompositeFileCollectionBeanInfo> (0x00000000ec254d08) 
thrown [s\open\src\hotspot\share\classfile\systemDictionary.cpp, line 256]
Event: 33.206 Thread 0x0000024caf925ed0 Exception <a 'java/lang/ClassNotFoundException'{0x00000000ec2655e8}: org/gradle/api/internal/file/AbstractFileCollectionBeanInfo> (0x00000000ec2655e8) 
thrown [s\open\src\hotspot\share\classfile\systemDictionary.cpp, line 256]
Event: 33.207 Thread 0x0000024caf925ed0 Exception <a 'java/lang/ClassNotFoundException'{0x00000000ec275ed8}: org/gradle/api/internal/file/AbstractFileCollectionCustomizer> (0x00000000ec275ed8) 
thrown [s\open\src\hotspot\share\classfile\systemDictionary.cpp, line 256]
Event: 33.208 Thread 0x0000024caf925ed0 Exception <a 'java/lang/ClassNotFoundException'{0x00000000ec298028}: org/gradle/api/internal/file/CompositeFileCollectionCustomizer> (0x00000000ec298028) 
thrown [s\open\src\hotspot\share\classfile\systemDictionary.cpp, line 256]
Event: 33.209 Thread 0x0000024caf925ed0 Exception <a 'java/lang/ClassNotFoundException'{0x00000000ec2b0808}: org/gradle/api/internal/file/collections/DefaultConfigurableFileCollectionCustomizer> (0x00000000ec2b0808) 
thrown [s\open\src\hotspot\share\classfile\systemDictionary.cpp, line 256]
Event: 33.232 Thread 0x0000024caf925ed0 Exception <a 'sun/nio/fs/WindowsException'{0x00000000ec16ce08}> (0x00000000ec16ce08) 
thrown [s\open\src\hotspot\share\prims\jni.cpp, line 516]
Event: 33.232 Thread 0x0000024caf925ed0 Exception <a 'sun/nio/fs/WindowsException'{0x00000000ec16d310}> (0x00000000ec16d310) 
thrown [s\open\src\hotspot\share\prims\jni.cpp, line 516]
Event: 33.238 Thread 0x0000024caf925ed0 Exception <a 'sun/nio/fs/WindowsException'{0x00000000ec1b0af8}> (0x00000000ec1b0af8) 
thrown [s\open\src\hotspot\share\prims\jni.cpp, line 516]
Event: 33.238 Thread 0x0000024caf925ed0 Exception <a 'sun/nio/fs/WindowsException'{0x00000000ec1b0fe8}> (0x00000000ec1b0fe8) 
thrown [s\open\src\hotspot\share\prims\jni.cpp, line 516]
Event: 33.245 Thread 0x0000024caf925ed0 Exception <a 'sun/nio/fs/WindowsException'{0x00000000ec1e97d8}> (0x00000000ec1e97d8) 
thrown [s\open\src\hotspot\share\prims\jni.cpp, line 516]
Event: 33.246 Thread 0x0000024caf925ed0 Exception <a 'sun/nio/fs/WindowsException'{0x00000000ec1ea1a0}> (0x00000000ec1ea1a0) 
thrown [s\open\src\hotspot\share\prims\jni.cpp, line 516]
Event: 33.246 Thread 0x0000024caf925ed0 Exception <a 'sun/nio/fs/WindowsException'{0x00000000ec1ea630}> (0x00000000ec1ea630) 
thrown [s\open\src\hotspot\share\prims\jni.cpp, line 516]
Event: 33.281 Thread 0x0000024caf925ed0 Exception <a 'sun/nio/fs/WindowsException'{0x00000000ebf43b18}> (0x00000000ebf43b18) 
thrown [s\open\src\hotspot\share\prims\jni.cpp, line 516]
Event: 33.281 Thread 0x0000024caf925ed0 Exception <a 'sun/nio/fs/WindowsException'{0x00000000ebf44008}> (0x00000000ebf44008) 
thrown [s\open\src\hotspot\share\prims\jni.cpp, line 516]
Event: 33.286 Thread 0x0000024caf925ed0 Exception <a 'sun/nio/fs/WindowsException'{0x00000000ebf786b8}> (0x00000000ebf786b8) 
thrown [s\open\src\hotspot\share\prims\jni.cpp, line 516]
Event: 33.286 Thread 0x0000024caf925ed0 Exception <a 'sun/nio/fs/WindowsException'{0x00000000ebf79080}> (0x00000000ebf79080) 
thrown [s\open\src\hotspot\share\prims\jni.cpp, line 516]
Event: 33.286 Thread 0x0000024caf925ed0 Exception <a 'sun/nio/fs/WindowsException'{0x00000000ebf79510}> (0x00000000ebf79510) 
thrown [s\open\src\hotspot\share\prims\jni.cpp, line 516]

VM Operations (20 events):
Event: 32.967 Executing VM operation: ICBufferFull
Event: 32.967 Executing VM operation: ICBufferFull done
Event: 32.972 Executing VM operation: HandshakeAllThreads
Event: 32.972 Executing VM operation: HandshakeAllThreads done
Event: 33.979 Executing VM operation: Cleanup
Event: 33.979 Executing VM operation: Cleanup done
Event: 34.987 Executing VM operation: Cleanup
Event: 34.987 Executing VM operation: Cleanup done
Event: 36.995 Executing VM operation: Cleanup
Event: 36.995 Executing VM operation: Cleanup done
Event: 39.014 Executing VM operation: Cleanup
Event: 39.014 Executing VM operation: Cleanup done
Event: 42.041 Executing VM operation: Cleanup
Event: 42.041 Executing VM operation: Cleanup done
Event: 48.099 Executing VM operation: Cleanup
Event: 48.099 Executing VM operation: Cleanup done
Event: 49.112 Executing VM operation: Cleanup
Event: 49.113 Executing VM operation: Cleanup done
Event: 57.161 Executing VM operation: Cleanup
Event: 57.161 Executing VM operation: Cleanup done

Events (20 events):
Event: 33.275 loading class com/sun/org/apache/xerces/internal/dom/DeferredTextImpl
Event: 33.275 loading class com/sun/org/apache/xerces/internal/dom/TextImpl
Event: 33.275 loading class org/w3c/dom/CharacterData
Event: 33.275 loading class org/w3c/dom/CharacterData done
Event: 33.275 loading class org/w3c/dom/Text
Event: 33.275 loading class org/w3c/dom/Text done
Event: 33.275 loading class com/sun/org/apache/xerces/internal/dom/CharacterDataImpl
Event: 33.275 loading class com/sun/org/apache/xerces/internal/dom/CharacterDataImpl done
Event: 33.275 loading class com/sun/org/apache/xerces/internal/dom/TextImpl done
Event: 33.275 loading class com/sun/org/apache/xerces/internal/dom/DeferredTextImpl done
Event: 33.275 loading class com/sun/org/apache/xerces/internal/dom/CharacterDataImpl$1
Event: 33.276 loading class com/sun/org/apache/xerces/internal/dom/CharacterDataImpl$1 done
Event: 33.293 loading class java/util/stream/ReduceOps$2
Event: 33.293 loading class java/util/stream/ReduceOps$2 done
Event: 33.293 loading class java/util/stream/ReduceOps$2ReducingSink
Event: 33.293 loading class java/util/stream/ReduceOps$2ReducingSink done
Event: 33.382 Thread 0x0000024cae2f85c0 Thread exited: 0x0000024cae2f85c0
Event: 33.720 Thread 0x0000024cae2f8ad0 Thread exited: 0x0000024cae2f8ad0
Event: 41.251 loading class java/time/Instant$1
Event: 41.251 loading class java/time/Instant$1 done


Dynamic libraries:
0x00007ff7e41a0000 - 0x00007ff7e41b0000 	C:\Program Files\Java\jdk-17\bin\java.exe
0x00007ff8a01b0000 - 0x00007ff8a03a8000 	C:\WINDOWS\SYSTEM32\ntdll.dll
0x00007ff89ff10000 - 0x00007ff89ffcf000 	C:\WINDOWS\System32\KERNEL32.DLL
0x00007ff89da90000 - 0x00007ff89dd86000 	C:\WINDOWS\System32\KERNELBASE.dll
0x00007ff89df10000 - 0x00007ff89e010000 	C:\WINDOWS\System32\ucrtbase.dll
0x00007ff894bc0000 - 0x00007ff894bd9000 	C:\Program Files\Java\jdk-17\bin\jli.dll
0x00007ff895a00000 - 0x00007ff895a1b000 	C:\Program Files\Java\jdk-17\bin\VCRUNTIME140.dll
0x00007ff89ee70000 - 0x00007ff89ef1f000 	C:\WINDOWS\System32\ADVAPI32.dll
0x00007ff89ed70000 - 0x00007ff89ee0e000 	C:\WINDOWS\System32\msvcrt.dll
0x00007ff89e4d0000 - 0x00007ff89e56c000 	C:\WINDOWS\System32\sechost.dll
0x00007ff89ffe0000 - 0x00007ff8a0106000 	C:\WINDOWS\System32\RPCRT4.dll
0x00007ff89e9f0000 - 0x00007ff89eb8d000 	C:\WINDOWS\System32\USER32.dll
0x00007ff89e010000 - 0x00007ff89e032000 	C:\WINDOWS\System32\win32u.dll
0x00007ff891ef0000 - 0x00007ff89218a000 	C:\WINDOWS\WinSxS\amd64_microsoft.windows.common-controls_6595b64144ccf1df_6.0.19041.1110_none_60b5254171f9507e\COMCTL32.dll
0x00007ff89f1b0000 - 0x00007ff89f1dc000 	C:\WINDOWS\System32\GDI32.dll
0x00007ff89d8c0000 - 0x00007ff89d9d5000 	C:\WINDOWS\System32\gdi32full.dll
0x00007ff89de20000 - 0x00007ff89debd000 	C:\WINDOWS\System32\msvcp_win.dll
0x00007ff895880000 - 0x00007ff89588a000 	C:\WINDOWS\SYSTEM32\VERSION.dll
0x00007ff89fee0000 - 0x00007ff89ff10000 	C:\WINDOWS\System32\IMM32.DLL
0x00007ff897800000 - 0x00007ff89780c000 	C:\Program Files\Java\jdk-17\bin\vcruntime140_1.dll
0x00007ff882ce0000 - 0x00007ff882d6e000 	C:\Program Files\Java\jdk-17\bin\msvcp140.dll
0x00007ff80eff0000 - 0x00007ff80fbcd000 	C:\Program Files\Java\jdk-17\bin\server\jvm.dll
0x00007ff89eb90000 - 0x00007ff89eb98000 	C:\WINDOWS\System32\PSAPI.DLL
0x00007ff8924d0000 - 0x00007ff8924d9000 	C:\WINDOWS\SYSTEM32\WSOCK32.dll
0x00007ff8922c0000 - 0x00007ff8922e7000 	C:\WINDOWS\SYSTEM32\WINMM.dll
0x00007ff89ed00000 - 0x00007ff89ed6b000 	C:\WINDOWS\System32\WS2_32.dll
0x00007ff89c100000 - 0x00007ff89c112000 	C:\WINDOWS\SYSTEM32\kernel.appcore.dll
0x00007ff895b80000 - 0x00007ff895b8a000 	C:\Program Files\Java\jdk-17\bin\jimage.dll
0x00007ff89b480000 - 0x00007ff89b664000 	C:\WINDOWS\SYSTEM32\DBGHELP.DLL
0x00007ff895360000 - 0x00007ff895394000 	C:\WINDOWS\SYSTEM32\dbgcore.DLL
0x00007ff89dd90000 - 0x00007ff89de12000 	C:\WINDOWS\System32\bcryptPrimitives.dll
0x00007ff889140000 - 0x00007ff88917b000 	C:\Program Files\Java\jdk-17\bin\jdwp.dll
0x00007ff895a80000 - 0x00007ff895a8e000 	C:\Program Files\Java\jdk-17\bin\instrument.dll
0x00007ff88e4c0000 - 0x00007ff88e4e5000 	C:\Program Files\Java\jdk-17\bin\java.dll
0x00007ff882c00000 - 0x00007ff882cd7000 	C:\Program Files\Java\jdk-17\bin\jsvml.dll
0x00007ff89f320000 - 0x00007ff89fa64000 	C:\WINDOWS\System32\SHELL32.dll
0x00007ff89b670000 - 0x00007ff89be04000 	C:\WINDOWS\SYSTEM32\windows.storage.dll
0x00007ff89e570000 - 0x00007ff89e8c4000 	C:\WINDOWS\System32\combase.dll
0x00007ff89d2d0000 - 0x00007ff89d2fe000 	C:\WINDOWS\SYSTEM32\Wldp.dll
0x00007ff89ebc0000 - 0x00007ff89ec6d000 	C:\WINDOWS\System32\SHCORE.dll
0x00007ff89f150000 - 0x00007ff89f1a5000 	C:\WINDOWS\System32\shlwapi.dll
0x00007ff89d7c0000 - 0x00007ff89d7e5000 	C:\WINDOWS\SYSTEM32\profapi.dll
0x00007ff894a60000 - 0x00007ff894a6c000 	C:\Program Files\Java\jdk-17\bin\dt_socket.dll
0x00007ff89cc50000 - 0x00007ff89cc8c000 	C:\WINDOWS\SYSTEM32\IPHLPAPI.DLL
0x00007ff89cf60000 - 0x00007ff89cfca000 	C:\WINDOWS\system32\mswsock.dll
0x00007ff88e4a0000 - 0x00007ff88e4b8000 	C:\Program Files\Java\jdk-17\bin\zip.dll
0x00007ff88c600000 - 0x00007ff88c619000 	C:\Program Files\Java\jdk-17\bin\net.dll
0x00007ff896950000 - 0x00007ff896a5a000 	C:\WINDOWS\SYSTEM32\WINHTTP.dll
0x00007ff889ad0000 - 0x00007ff889ae6000 	C:\Program Files\Java\jdk-17\bin\nio.dll
0x00007ff894900000 - 0x00007ff894910000 	C:\Program Files\Java\jdk-17\bin\verify.dll
0x00007ff894300000 - 0x00007ff894327000 	C:\Users\38101\.gradle\native\68d5fa5c4cc2d200863cafc0d521ce42e7d3e7ee720ec0a83991735586a16f82\windows-amd64\native-platform.dll
0x00007ff881e90000 - 0x00007ff881fd4000 	C:\Users\38101\.gradle\native\e376f236ea51e6404a007f0833ffe2c6e607c4080706a723a18a27aeea778392\windows-amd64\native-platform-file-events.dll
0x00007ff8942f0000 - 0x00007ff8942fa000 	C:\Program Files\Java\jdk-17\bin\management.dll
0x00007ff88e490000 - 0x00007ff88e49b000 	C:\Program Files\Java\jdk-17\bin\management_ext.dll
0x00007ff89d1b0000 - 0x00007ff89d1c8000 	C:\WINDOWS\SYSTEM32\CRYPTSP.dll
0x00007ff89c880000 - 0x00007ff89c8b4000 	C:\WINDOWS\system32\rsaenh.dll
0x00007ff89d890000 - 0x00007ff89d8b7000 	C:\WINDOWS\System32\bcrypt.dll
0x00007ff89d740000 - 0x00007ff89d76e000 	C:\WINDOWS\SYSTEM32\USERENV.dll
0x00007ff89d1d0000 - 0x00007ff89d1dc000 	C:\WINDOWS\SYSTEM32\CRYPTBASE.dll
0x00007ff89ffd0000 - 0x00007ff89ffd8000 	C:\WINDOWS\System32\NSI.dll
0x00007ff896520000 - 0x00007ff896537000 	C:\WINDOWS\SYSTEM32\dhcpcsvc6.DLL
0x00007ff897050000 - 0x00007ff89706d000 	C:\WINDOWS\SYSTEM32\dhcpcsvc.DLL
0x00007ff89cc90000 - 0x00007ff89cd5a000 	C:\WINDOWS\SYSTEM32\DNSAPI.dll
0x00007ff88c5f0000 - 0x00007ff88c5fd000 	C:\Program Files\Java\jdk-17\bin\sunmscapi.dll
0x00007ff89e040000 - 0x00007ff89e19e000 	C:\WINDOWS\System32\CRYPT32.dll
0x00007ff89d340000 - 0x00007ff89d368000 	C:\WINDOWS\SYSTEM32\ncrypt.dll
0x00007ff89d300000 - 0x00007ff89d33b000 	C:\WINDOWS\SYSTEM32\NTASN1.dll
0x00007ff8896c0000 - 0x00007ff8896c7000 	C:\WINDOWS\system32\wshunix.dll
0x00007ff88c270000 - 0x00007ff88c2bb000 	C:\Program Files (x86)\Sangfor\SSL\ClientComponent3\SangforNspX64.dll
0x00007ff89f1f0000 - 0x00007ff89f31a000 	C:\WINDOWS\System32\ole32.dll
0x00007ff89f080000 - 0x00007ff89f14d000 	C:\WINDOWS\System32\OLEAUT32.dll
0x00007ff88c410000 - 0x00007ff88c427000 	C:\WINDOWS\system32\napinsp.dll
0x00007ff88ab70000 - 0x00007ff88ab8b000 	C:\WINDOWS\system32\pnrpnsp.dll
0x00007ff898410000 - 0x00007ff898425000 	C:\WINDOWS\system32\wshbth.dll
0x00007ff897500000 - 0x00007ff89751d000 	C:\WINDOWS\system32\NLAapi.dll
0x00007ff889ab0000 - 0x00007ff889ac2000 	C:\WINDOWS\System32\winrnr.dll
0x00007ff8970f0000 - 0x00007ff8970fa000 	C:\Windows\System32\rasadhlp.dll
0x00007ff893930000 - 0x00007ff8939b2000 	C:\WINDOWS\System32\fwpuclnt.dll

dbghelp: loaded successfully - version: 4.0.5 - missing functions: none
symbol engine: initialized successfully - sym options: 0x614 - pdb path: .;C:\Program Files\Java\jdk-17\bin;C:\WINDOWS\SYSTEM32;C:\WINDOWS\WinSxS\amd64_microsoft.windows.common-controls_6595b64144ccf1df_6.0.19041.1110_none_60b5254171f9507e;C:\Program Files\Java\jdk-17\bin\server;C:\Users\38101\.gradle\native\68d5fa5c4cc2d200863cafc0d521ce42e7d3e7ee720ec0a83991735586a16f82\windows-amd64;C:\Users\38101\.gradle\native\e376f236ea51e6404a007f0833ffe2c6e607c4080706a723a18a27aeea778392\windows-amd64;C:\Program Files (x86)\Sangfor\SSL\ClientComponent3

VM Arguments:
jvm_args: --add-opens=java.base/java.util.concurrent.atomic=ALL-UNNAMED -XX:MaxMetaspaceSize=384m -XX:+HeapDumpOnOutOfMemoryError -agentlib:jdwp=transport=dt_socket,server=n,suspend=y,address=127.0.0.1:57081 --add-opens=java.base/java.util=ALL-UNNAMED --add-opens=java.base/java.lang=ALL-UNNAMED --add-opens=java.base/java.lang.invoke=ALL-UNNAMED --add-opens=java.prefs/java.util.prefs=ALL-UNNAMED --add-opens=java.base/java.nio.charset=ALL-UNNAMED --add-opens=java.base/java.net=ALL-UNNAMED --add-opens=java.base/java.util.concurrent.atomic=ALL-UNNAMED -Xms256m -Xmx512m -Dfile.encoding=UTF-8 -Duser.country=CN -Duser.language=zh -Duser.variant -javaagent:C:\Users\38101\.gradle\wrapper\dists\gradle-8.1.1-bin\9wiye5v2saajue4irfo8ybqfp\gradle-8.1.1\lib\agents\gradle-instrumentation-agent-8.1.1.jar 
java_command: org.gradle.launcher.daemon.bootstrap.GradleDaemon 8.1.1
java_class_path (initial): C:\Users\38101\.gradle\wrapper\dists\gradle-8.1.1-bin\9wiye5v2saajue4irfo8ybqfp\gradle-8.1.1\lib\gradle-launcher-8.1.1.jar
Launcher Type: SUN_STANDARD

[Global flags]
     intx CICompilerCount                          = 4                                         {product} {ergonomic}
   size_t CompressedClassSpaceSize                 = 322961408                                 {product} {ergonomic}
     uint ConcGCThreads                            = 2                                         {product} {ergonomic}
     uint G1ConcRefinementThreads                  = 8                                         {product} {ergonomic}
   size_t G1HeapRegionSize                         = 1048576                                   {product} {ergonomic}
    uintx GCDrainStackTargetSize                   = 64                                        {product} {ergonomic}
     bool HeapDumpOnOutOfMemoryError               = true                                   {manageable} {command line}
   size_t InitialHeapSize                          = 268435456                                 {product} {command line}
   size_t MarkStackSize                            = 4194304                                   {product} {ergonomic}
   size_t MaxHeapSize                              = 536870912                                 {product} {command line}
   size_t MaxMetaspaceSize                         = 402653184                                 {product} {command line}
   size_t MaxNewSize                               = 321912832                                 {product} {ergonomic}
   size_t MinHeapDeltaBytes                        = 1048576                                   {product} {ergonomic}
   size_t MinHeapSize                              = 268435456                                 {product} {command line}
    uintx NonNMethodCodeHeapSize                   = 5839372                                {pd product} {ergonomic}
    uintx NonProfiledCodeHeapSize                  = 122909434                              {pd product} {ergonomic}
    uintx ProfiledCodeHeapSize                     = 122909434                              {pd product} {ergonomic}
    uintx ReservedCodeCacheSize                    = 251658240                              {pd product} {ergonomic}
     bool SegmentedCodeCache                       = true                                      {product} {ergonomic}
   size_t SoftMaxHeapSize                          = 536870912                              {manageable} {ergonomic}
     bool UseCompressedClassPointers               = true                           {product lp64_product} {ergonomic}
     bool UseCompressedOops                        = true                           {product lp64_product} {ergonomic}
     bool UseG1GC                                  = true                                      {product} {ergonomic}
     bool UseLargePagesIndividualAllocation        = false                                  {pd product} {ergonomic}

Logging:
Log output configuration:
 #0: stdout all=warning uptime,level,tags
 #1: stderr all=off uptime,level,tags

Environment Variables:
JAVA_HOME=C:\Program Files\Java\jdk1.8.0_221
PATH=C:\Program Files\Common Files\Oracle\Java\javapath;C:\Program Files (x86)\NetSarang\Xshell 6\;C:\Program Files (x86)\Common Files\Oracle\Java\javapath;C:\WINDOWS\system32;C:\WINDOWS;C:\WINDOWS\System32\Wbem;C:\WINDOWS\System32\WindowsPowerShell\v1.0\;C:\WINDOWS\System32\OpenSSH\;C:\Program Files\nodejs\;C:\Program Files\Git\cmd;C:\Program Files\Java\jdk1.8.0_221\bin;D:\Toos\apache-maven-3.6.3-bin\apache-maven-3.6.3\bin;D:\Toos\openresty-1.19.9.1-win64;C:\Program Files\dotnet\;C:\Program Files (x86)\NetSarang\Xshell 7\;C:\Program Files (x86)\ZeroTier\One\;C:\Program Files (x86)\NetSarang\Xftp 7\;D:\lucene-8.11.1\analysis\common\lucene-analyzers-common-8.11.1.jar;D:\lucene-8.11.1\demo\lucene-demo-8.11.1.jar;"D:\lucene-8.11.1\queryparser\lucene-queryparser-8.11.1.jar;D:\Toos\openresty-1.19.9.1-win64;D:\Toos\nginx-1.12.2";C:\Users\38101\AppData\Local\Microsoft\WindowsApps;C:\Users\38101\AppData\Roaming\npm;;C:\Users\38101\AppData\Local\Programs\Microsoft VS Code\bin
USERNAME=38101
OS=Windows_NT
PROCESSOR_IDENTIFIER=Intel64 Family 6 Model 60 Stepping 3, GenuineIntel



---------------  S Y S T E M  ---------------

OS:
 Windows 10 , 64 bit Build 19041 (10.0.19041.3155)
OS uptime: 2 days 13:15 hours

CPU: total 8 (initial active 8) (4 cores per cpu, 2 threads per core) family 6 model 60 stepping 3 microcode 0x27, cx8, cmov, fxsr, ht, mmx, sse, sse2, sse3, ssse3, sse4.1, sse4.2, popcnt, lzcnt, tsc, tscinvbit, avx, avx2, aes, erms, clmul, bmi1, bmi2, fma, vzeroupper, clflush

Memory: 4k page, system-wide physical 24484M (3064M free)
TotalPageFile size 32982M (AvailPageFile size 5M)
current process WorkingSet (physical memory assigned to process): 449M, peak: 498M
current process commit charge ("private bytes"): 528M, peak: 574M

vm_info: Java HotSpot(TM) 64-Bit Server VM (17.0.7+8-LTS-224) for windows-amd64 JRE (17.0.7+8-LTS-224), built on Feb 28 2023 23:03:02 by "mach5one" with MS VC++ 17.1 (VS2022)

END.
